<?xml version="1.0" encoding="UTF-8"?>
<coverage generated="1573114972365" clover="3.2.0">
  <project timestamp="1573114972366" name="All files">
    <metrics statements="550" coveredstatements="510" conditionals="194" coveredconditionals="163" methods="79" coveredmethods="78" elements="823" coveredelements="751" complexity="0" loc="550" ncloc="550" packages="12" files="13" classes="13"/>
    <package name="data-structures.b+tree">
      <metrics statements="331" coveredstatements="295" conditionals="119" coveredconditionals="93" methods="47" coveredmethods="46"/>
      <file name="bPlusTree-genericity.ts" path="/Users/hukun/github/algorithms/src/data-structures/b+tree/bPlusTree-genericity.ts">
        <metrics statements="331" coveredstatements="295" conditionals="119" coveredconditionals="93" methods="47" coveredmethods="46"/>
        <line num="36" count="15" type="stmt"/>
        <line num="40" count="15" type="stmt"/>
        <line num="49" count="15" type="stmt"/>
        <line num="50" count="15" type="stmt"/>
        <line num="57" count="10" type="stmt"/>
        <line num="58" count="10" type="stmt"/>
        <line num="67" count="3" type="cond" truecount="2" falsecount="0"/>
        <line num="68" count="1" type="stmt"/>
        <line num="70" count="2" type="stmt"/>
        <line num="71" count="2" type="stmt"/>
        <line num="72" count="2" type="cond" truecount="2" falsecount="0"/>
        <line num="73" count="1" type="stmt"/>
        <line num="75" count="1" type="stmt"/>
        <line num="76" count="1" type="stmt"/>
        <line num="84" count="3" type="cond" truecount="1" falsecount="1"/>
        <line num="85" count="3" type="stmt"/>
        <line num="86" count="3" type="stmt"/>
        <line num="87" count="3" type="cond" truecount="1" falsecount="1"/>
        <line num="88" count="0" type="stmt"/>
        <line num="90" count="3" type="stmt"/>
        <line num="99" count="1" type="cond" truecount="1" falsecount="1"/>
        <line num="100" count="1" type="stmt"/>
        <line num="101" count="1" type="stmt"/>
        <line num="102" count="1" type="stmt"/>
        <line num="103" count="2" type="stmt"/>
        <line num="104" count="4" type="cond" truecount="3" falsecount="1"/>
        <line num="105" count="4" type="stmt"/>
        <line num="107" count="4" type="cond" truecount="2" falsecount="0"/>
        <line num="108" count="1" type="stmt"/>
        <line num="111" count="1" type="stmt"/>
        <line num="113" count="0" type="stmt"/>
        <line num="122" count="4" type="cond" truecount="1" falsecount="1"/>
        <line num="123" count="4" type="cond" truecount="2" falsecount="0"/>
        <line num="124" count="2" type="stmt"/>
        <line num="126" count="2" type="stmt"/>
        <line num="136" count="20103" type="cond" truecount="2" falsecount="0"/>
        <line num="137" count="23" type="stmt"/>
        <line num="138" count="23" type="stmt"/>
        <line num="139" count="23" type="stmt"/>
        <line num="140" count="23" type="stmt"/>
        <line num="141" count="23" type="stmt"/>
        <line num="143" count="20080" type="stmt"/>
        <line num="144" count="20080" type="cond" truecount="2" falsecount="0"/>
        <line num="145" count="2" type="stmt"/>
        <line num="147" count="20078" type="stmt"/>
        <line num="148" count="20078" type="stmt"/>
        <line num="149" count="20078" type="stmt"/>
        <line num="150" count="20078" type="stmt"/>
        <line num="151" count="20078" type="cond" truecount="2" falsecount="0"/>
        <line num="152" count="5245" type="stmt"/>
        <line num="153" count="5245" type="cond" truecount="4" falsecount="0"/>
        <line num="154" count="35" type="stmt"/>
        <line num="156" count="5245" type="stmt"/>
        <line num="157" count="5245" type="stmt"/>
        <line num="159" count="14833" type="stmt"/>
        <line num="160" count="14833" type="stmt"/>
        <line num="168" count="5" type="cond" truecount="1" falsecount="1"/>
        <line num="169" count="5" type="stmt"/>
        <line num="170" count="5" type="stmt"/>
        <line num="171" count="5" type="stmt"/>
        <line num="179" count="28" type="cond" truecount="1" falsecount="1"/>
        <line num="180" count="28" type="stmt"/>
        <line num="181" count="28" type="stmt"/>
        <line num="182" count="28" type="cond" truecount="1" falsecount="1"/>
        <line num="183" count="0" type="stmt"/>
        <line num="185" count="28" type="stmt"/>
        <line num="200" count="28" type="stmt"/>
        <line num="201" count="28" type="stmt"/>
        <line num="202" count="28" type="stmt"/>
        <line num="204" count="28" type="cond" truecount="2" falsecount="0"/>
        <line num="205" count="10" type="stmt"/>
        <line num="209" count="28" type="cond" truecount="2" falsecount="0"/>
        <line num="210" count="26" type="stmt"/>
        <line num="213" count="2" type="cond" truecount="3" falsecount="1"/>
        <line num="214" count="2" type="cond" truecount="2" falsecount="0"/>
        <line num="215" count="1" type="stmt"/>
        <line num="216" count="1" type="stmt"/>
        <line num="218" count="1" type="cond" truecount="1" falsecount="1"/>
        <line num="219" count="1" type="stmt"/>
        <line num="220" count="1" type="stmt"/>
        <line num="222" count="0" type="stmt"/>
        <line num="223" count="0" type="stmt"/>
        <line num="225" count="0" type="cond" truecount="0" falsecount="2"/>
        <line num="226" count="0" type="cond" truecount="0" falsecount="2"/>
        <line num="227" count="0" type="stmt"/>
        <line num="228" count="0" type="stmt"/>
        <line num="230" count="0" type="stmt"/>
        <line num="231" count="0" type="stmt"/>
        <line num="233" count="0" type="cond" truecount="0" falsecount="2"/>
        <line num="234" count="0" type="cond" truecount="0" falsecount="2"/>
        <line num="235" count="0" type="stmt"/>
        <line num="236" count="0" type="stmt"/>
        <line num="238" count="0" type="stmt"/>
        <line num="239" count="0" type="stmt"/>
        <line num="251" count="1" type="stmt"/>
        <line num="252" count="1" type="stmt"/>
        <line num="253" count="1" type="stmt"/>
        <line num="254" count="1" type="stmt"/>
        <line num="260" count="1" type="cond" truecount="1" falsecount="1"/>
        <line num="261" count="0" type="stmt"/>
        <line num="262" count="0" type="stmt"/>
        <line num="265" count="1" type="stmt"/>
        <line num="275" count="1" type="stmt"/>
        <line num="276" count="1" type="stmt"/>
        <line num="277" count="1" type="stmt"/>
        <line num="278" count="1" type="cond" truecount="1" falsecount="1"/>
        <line num="279" count="0" type="stmt"/>
        <line num="280" count="0" type="stmt"/>
        <line num="283" count="1" type="stmt"/>
        <line num="284" count="1" type="stmt"/>
        <line num="285" count="1" type="stmt"/>
        <line num="294" count="0" type="stmt"/>
        <line num="295" count="0" type="cond" truecount="0" falsecount="2"/>
        <line num="296" count="0" type="stmt"/>
        <line num="297" count="0" type="stmt"/>
        <line num="300" count="0" type="stmt"/>
        <line num="301" count="0" type="stmt"/>
        <line num="303" count="0" type="stmt"/>
        <line num="304" count="0" type="cond" truecount="0" falsecount="4"/>
        <line num="305" count="0" type="stmt"/>
        <line num="306" count="0" type="stmt"/>
        <line num="307" count="0" type="stmt"/>
        <line num="318" count="20773" type="cond" truecount="4" falsecount="0"/>
        <line num="319" count="7703" type="stmt"/>
        <line num="320" count="7703" type="stmt"/>
        <line num="321" count="7703" type="stmt"/>
        <line num="322" count="7703" type="stmt"/>
        <line num="323" count="7703" type="cond" truecount="2" falsecount="0"/>
        <line num="324" count="2303" type="stmt"/>
        <line num="326" count="7703" type="stmt"/>
        <line num="327" count="7703" type="stmt"/>
        <line num="328" count="7703" type="stmt"/>
        <line num="330" count="7703" type="cond" truecount="2" falsecount="0"/>
        <line num="331" count="30" type="stmt"/>
        <line num="333" count="7703" type="stmt"/>
        <line num="336" count="13070" type="cond" truecount="4" falsecount="0"/>
        <line num="337" count="5186" type="stmt"/>
        <line num="338" count="5186" type="stmt"/>
        <line num="339" count="5186" type="stmt"/>
        <line num="340" count="5186" type="stmt"/>
        <line num="341" count="5186" type="cond" truecount="2" falsecount="0"/>
        <line num="342" count="1433" type="stmt"/>
        <line num="344" count="5186" type="stmt"/>
        <line num="346" count="5186" type="stmt"/>
        <line num="347" count="5186" type="stmt"/>
        <line num="350" count="7884" type="stmt"/>
        <line num="352" count="7884" type="cond" truecount="2" falsecount="0"/>
        <line num="353" count="62" type="stmt"/>
        <line num="354" count="62" type="stmt"/>
        <line num="355" count="62" type="stmt"/>
        <line num="356" count="62" type="stmt"/>
        <line num="357" count="62" type="stmt"/>
        <line num="361" count="62" type="stmt"/>
        <line num="365" count="62" type="stmt"/>
        <line num="366" count="62" type="stmt"/>
        <line num="367" count="62" type="stmt"/>
        <line num="369" count="7822" type="stmt"/>
        <line num="370" count="7822" type="stmt"/>
        <line num="371" count="7822" type="stmt"/>
        <line num="372" count="7822" type="stmt"/>
        <line num="373" count="7822" type="stmt"/>
        <line num="374" count="7822" type="stmt"/>
        <line num="375" count="7822" type="stmt"/>
        <line num="382" count="7822" type="stmt"/>
        <line num="384" count="7822" type="stmt"/>
        <line num="385" count="7822" type="stmt"/>
        <line num="387" count="7822" type="cond" truecount="2" falsecount="0"/>
        <line num="388" count="28" type="stmt"/>
        <line num="389" count="28" type="stmt"/>
        <line num="390" count="28" type="stmt"/>
        <line num="393" count="7822" type="cond" truecount="2" falsecount="0"/>
        <line num="394" count="5940" type="stmt"/>
        <line num="403" count="7884" type="stmt"/>
        <line num="404" count="7884" type="stmt"/>
        <line num="405" count="7884" type="stmt"/>
        <line num="406" count="7884" type="stmt"/>
        <line num="407" count="7884" type="stmt"/>
        <line num="408" count="7884" type="cond" truecount="2" falsecount="0"/>
        <line num="409" count="7559" type="stmt"/>
        <line num="410" count="7559" type="stmt"/>
        <line num="411" count="7559" type="stmt"/>
        <line num="413" count="325" type="stmt"/>
        <line num="415" count="7884" type="stmt"/>
        <line num="416" count="7884" type="stmt"/>
        <line num="418" count="7884" type="stmt"/>
        <line num="419" count="7884" type="stmt"/>
        <line num="420" count="7884" type="cond" truecount="2" falsecount="0"/>
        <line num="421" count="2204" type="stmt"/>
        <line num="422" count="6612" type="stmt"/>
        <line num="425" count="7884" type="stmt"/>
        <line num="433" count="20119" type="stmt"/>
        <line num="434" count="20119" type="stmt"/>
        <line num="435" count="111488" type="cond" truecount="2" falsecount="0"/>
        <line num="436" count="20119" type="stmt"/>
        <line num="438" count="91369" type="stmt"/>
        <line num="439" count="91369" type="stmt"/>
        <line num="440" count="91369" type="stmt"/>
        <line num="448" count="2" type="stmt"/>
        <line num="449" count="2" type="stmt"/>
        <line num="450" count="4" type="cond" truecount="2" falsecount="0"/>
        <line num="451" count="2" type="stmt"/>
        <line num="453" count="2" type="stmt"/>
        <line num="454" count="2" type="stmt"/>
        <line num="457" count="0" type="stmt"/>
        <line num="464" count="2" type="stmt"/>
        <line num="465" count="2" type="stmt"/>
        <line num="466" count="4" type="cond" truecount="2" falsecount="0"/>
        <line num="467" count="2" type="stmt"/>
        <line num="469" count="2" type="stmt"/>
        <line num="470" count="2" type="stmt"/>
        <line num="473" count="0" type="stmt"/>
        <line num="483" count="27900" type="stmt"/>
        <line num="490" count="2" type="stmt"/>
        <line num="491" count="2" type="stmt"/>
        <line num="492" count="2" type="stmt"/>
        <line num="493" count="4" type="stmt"/>
        <line num="494" count="12" type="stmt"/>
        <line num="495" count="12" type="cond" truecount="2" falsecount="0"/>
        <line num="496" count="1" type="stmt"/>
        <line num="499" count="3" type="stmt"/>
        <line num="508" count="2" type="stmt"/>
        <line num="509" count="2" type="stmt"/>
        <line num="510" count="2" type="stmt"/>
        <line num="511" count="3" type="stmt"/>
        <line num="512" count="3" type="stmt"/>
        <line num="513" count="10" type="stmt"/>
        <line num="514" count="10" type="stmt"/>
        <line num="515" count="10" type="cond" truecount="2" falsecount="0"/>
        <line num="516" count="1" type="stmt"/>
        <line num="518" count="9" type="stmt"/>
        <line num="520" count="2" type="stmt"/>
        <line num="529" count="20101" type="stmt"/>
        <line num="542" count="7946" type="stmt"/>
        <line num="555" count="91371" type="stmt"/>
        <line num="556" count="91371" type="stmt"/>
        <line num="557" count="202675" type="cond" truecount="2" falsecount="0"/>
        <line num="558" count="91154" type="stmt"/>
        <line num="563" count="217" type="stmt"/>
        <line num="572" count="20078" type="stmt"/>
        <line num="573" count="20078" type="stmt"/>
        <line num="574" count="46638" type="cond" truecount="2" falsecount="0"/>
        <line num="575" count="19922" type="stmt"/>
        <line num="579" count="156" type="stmt"/>
        <line num="588" count="53641" type="stmt"/>
        <line num="589" count="158987" type="stmt"/>
        <line num="590" count="158987" type="cond" truecount="2" falsecount="0"/>
        <line num="591" count="33561" type="stmt"/>
        <line num="594" count="20080" type="stmt"/>
        <line num="604" count="12994" type="stmt"/>
        <line num="605" count="12994" type="stmt"/>
        <line num="606" count="17851" type="stmt"/>
        <line num="607" count="17851" type="stmt"/>
        <line num="608" count="17851" type="stmt"/>
        <line num="609" count="17851" type="cond" truecount="2" falsecount="0"/>
        <line num="610" count="12901" type="stmt"/>
        <line num="612" count="4950" type="stmt"/>
        <line num="614" count="12994" type="stmt"/>
        <line num="621" count="7969" type="stmt"/>
        <line num="636" count="22" type="stmt"/>
        <line num="637" count="22" type="stmt"/>
        <line num="638" count="20092" type="stmt"/>
        <line num="641" count="0" type="stmt"/>
        <line num="649" count="2" type="cond" truecount="2" falsecount="0"/>
        <line num="650" count="1" type="stmt"/>
        <line num="652" count="1" type="stmt"/>
        <line num="653" count="2" type="stmt"/>
        <line num="654" count="1" type="stmt"/>
        <line num="655" count="1" type="stmt"/>
        <line num="656" count="8" type="stmt"/>
        <line num="657" count="3" type="stmt"/>
        <line num="658" count="2" type="stmt"/>
        <line num="659" count="2" type="stmt"/>
        <line num="661" count="1" type="stmt"/>
        <line num="669" count="1" type="stmt"/>
        <line num="670" count="1" type="stmt"/>
        <line num="671" count="1" type="stmt"/>
        <line num="672" count="3" type="cond" truecount="2" falsecount="0"/>
        <line num="673" count="1" type="stmt"/>
        <line num="675" count="2" type="stmt"/>
        <line num="676" count="2" type="stmt"/>
        <line num="677" count="2" type="stmt"/>
        <line num="678" count="2" type="stmt"/>
        <line num="680" count="0" type="stmt"/>
        <line num="687" count="1" type="stmt"/>
        <line num="688" count="1" type="stmt"/>
        <line num="689" count="2" type="stmt"/>
        <line num="690" count="6" type="stmt"/>
        <line num="691" count="2" type="stmt"/>
        <line num="692" count="1" type="stmt"/>
        <line num="693" count="1" type="stmt"/>
        <line num="700" count="8" type="stmt"/>
        <line num="701" count="8" type="stmt"/>
        <line num="702" count="55" type="stmt"/>
        <line num="706" count="2" type="cond" truecount="2" falsecount="0"/>
        <line num="707" count="1" type="stmt"/>
        <line num="709" count="1" type="stmt"/>
        <line num="718" count="1" type="stmt"/>
        <line num="719" count="1" type="stmt"/>
        <line num="720" count="2" type="stmt"/>
        <line num="726" count="1" type="stmt"/>
        <line num="727" count="1" type="stmt"/>
        <line num="729" count="1" type="stmt"/>
        <line num="730" count="2" type="stmt"/>
        <line num="731" count="2" type="stmt"/>
        <line num="732" count="3" type="stmt"/>
        <line num="733" count="3" type="stmt"/>
        <line num="734" count="8" type="stmt"/>
        <line num="739" count="8" type="cond" truecount="2" falsecount="0"/>
        <line num="740" count="2" type="stmt"/>
        <line num="742" count="8" type="stmt"/>
        <line num="744" count="3" type="stmt"/>
        <line num="749" count="2" type="stmt"/>
        <line num="752" count="1" type="stmt"/>
        <line num="761" count="3" type="stmt"/>
        <line num="762" count="3" type="stmt"/>
        <line num="763" count="3" type="stmt"/>
        <line num="764" count="5" type="stmt"/>
        <line num="766" count="3" type="stmt"/>
        <line num="773" count="44" type="stmt"/>
        <line num="774" count="44" type="stmt"/>
        <line num="775" count="44" type="stmt"/>
        <line num="776" count="206" type="stmt"/>
        <line num="777" count="206" type="stmt"/>
        <line num="778" count="206" type="stmt"/>
        <line num="779" count="23889" type="stmt"/>
        <line num="780" count="23889" type="cond" truecount="2" falsecount="0"/>
        <line num="781" count="23845" type="stmt"/>
        <line num="784" count="206" type="stmt"/>
        <line num="785" count="206" type="stmt"/>
        <line num="786" count="206" type="stmt"/>
        <line num="788" count="44" type="stmt"/>
      </file>
    </package>
    <package name="math">
      <metrics statements="22" coveredstatements="22" conditionals="10" coveredconditionals="10" methods="7" coveredmethods="7"/>
      <file name="add.ts" path="/Users/hukun/github/algorithms/src/math/add.ts">
        <metrics statements="22" coveredstatements="22" conditionals="10" coveredconditionals="10" methods="7" coveredmethods="7"/>
        <line num="7" count="5" type="stmt"/>
        <line num="8" count="10" type="cond" truecount="2" falsecount="0"/>
        <line num="11" count="5" type="stmt"/>
        <line num="12" count="10" type="stmt"/>
        <line num="13" count="10" type="stmt"/>
        <line num="14" count="10" type="stmt"/>
        <line num="19" count="5" type="stmt"/>
        <line num="20" count="5" type="stmt"/>
        <line num="21" count="70" type="stmt"/>
        <line num="22" count="140" type="stmt"/>
        <line num="23" count="140" type="cond" truecount="2" falsecount="0"/>
        <line num="25" count="5" type="stmt"/>
        <line num="26" count="5" type="stmt"/>
        <line num="27" count="5" type="stmt"/>
        <line num="28" count="70" type="stmt"/>
        <line num="30" count="140" type="cond" truecount="2" falsecount="0"/>
        <line num="31" count="70" type="stmt"/>
        <line num="32" count="75" type="cond" truecount="4" falsecount="0"/>
        <line num="33" count="5" type="stmt"/>
        <line num="35" count="65" type="stmt"/>
        <line num="36" count="65" type="stmt"/>
        <line num="38" count="5" type="stmt"/>
      </file>
    </package>
    <package name="shuffle.FisherYates">
      <metrics statements="9" coveredstatements="9" conditionals="0" coveredconditionals="0" methods="2" coveredmethods="2"/>
      <file name="fisherYates.ts" path="/Users/hukun/github/algorithms/src/shuffle/FisherYates/fisherYates.ts">
        <metrics statements="9" coveredstatements="9" conditionals="0" coveredconditionals="0" methods="2" coveredmethods="2"/>
        <line num="8" count="31400" type="stmt"/>
        <line num="9" count="31400" type="stmt"/>
        <line num="10" count="31400" type="stmt"/>
        <line num="18" count="8" type="stmt"/>
        <line num="19" count="22" type="stmt"/>
        <line num="20" count="22" type="stmt"/>
        <line num="21" count="31400" type="stmt"/>
        <line num="22" count="31400" type="stmt"/>
        <line num="24" count="22" type="stmt"/>
      </file>
    </package>
    <package name="snowflake">
      <metrics statements="30" coveredstatements="26" conditionals="11" coveredconditionals="6" methods="6" coveredmethods="6"/>
      <file name="snowflake.ts" path="/Users/hukun/github/algorithms/src/snowflake/snowflake.ts">
        <metrics statements="30" coveredstatements="26" conditionals="11" coveredconditionals="6" methods="6" coveredmethods="6"/>
        <line num="7" count="1" type="stmt"/>
        <line num="9" count="1" type="stmt"/>
        <line num="11" count="1" type="stmt"/>
        <line num="13" count="1" type="stmt"/>
        <line num="15" count="1" type="stmt"/>
        <line num="17" count="1" type="stmt"/>
        <line num="19" count="1" type="stmt"/>
        <line num="21" count="1" type="stmt"/>
        <line num="32" count="4" type="cond" truecount="1" falsecount="1"/>
        <line num="33" count="4" type="cond" truecount="2" falsecount="0"/>
        <line num="34" count="1" type="stmt"/>
        <line num="36" count="3" type="stmt"/>
        <line num="37" count="3" type="stmt"/>
        <line num="38" count="3" type="stmt"/>
        <line num="42" count="3" type="stmt"/>
        <line num="43" count="3" type="cond" truecount="1" falsecount="1"/>
        <line num="44" count="3" type="stmt"/>
        <line num="45" count="3" type="cond" truecount="1" falsecount="1"/>
        <line num="46" count="0" type="stmt"/>
        <line num="47" count="0" type="stmt"/>
        <line num="51" count="0" type="stmt"/>
        <line num="54" count="3" type="cond" truecount="1" falsecount="1"/>
        <line num="55" count="0" type="stmt"/>
        <line num="57" count="3" type="stmt"/>
        <line num="58" count="3" type="stmt"/>
        <line num="63" count="1" type="stmt"/>
        <line num="66" count="1" type="stmt"/>
        <line num="74" count="1" type="stmt"/>
        <line num="82" count="1" type="stmt"/>
        <line num="90" count="1" type="stmt"/>
      </file>
    </package>
    <package name="sort">
      <metrics statements="19" coveredstatements="19" conditionals="8" coveredconditionals="8" methods="2" coveredmethods="2"/>
      <file name="check.ts" path="/Users/hukun/github/algorithms/src/sort/check.ts">
        <metrics statements="13" coveredstatements="13" conditionals="8" coveredconditionals="8" methods="1" coveredmethods="1"/>
        <line num="8" count="224" type="stmt"/>
        <line num="9" count="224" type="cond" truecount="2" falsecount="0"/>
        <line num="10" count="2" type="stmt"/>
        <line num="12" count="222" type="stmt"/>
        <line num="13" count="222" type="stmt"/>
        <line num="14" count="222" type="stmt"/>
        <line num="15" count="85186" type="cond" truecount="2" falsecount="0"/>
        <line num="16" count="85176" type="cond" truecount="2" falsecount="0"/>
        <line num="17" count="1" type="stmt"/>
        <line num="20" count="10" type="cond" truecount="2" falsecount="0"/>
        <line num="21" count="1" type="stmt"/>
        <line num="24" count="85184" type="stmt"/>
        <line num="26" count="220" type="stmt"/>
      </file>
      <file name="sort_data.ts" path="/Users/hukun/github/algorithms/src/sort/sort_data.ts">
        <metrics statements="6" coveredstatements="6" conditionals="0" coveredconditionals="0" methods="1" coveredmethods="1"/>
        <line num="8" count="8" type="stmt"/>
        <line num="9" count="22" type="stmt"/>
        <line num="10" count="22" type="stmt"/>
        <line num="11" count="31400" type="stmt"/>
        <line num="13" count="22" type="stmt"/>
        <line num="14" count="22" type="stmt"/>
      </file>
    </package>
    <package name="sort.bubbingSort">
      <metrics statements="9" coveredstatements="9" conditionals="2" coveredconditionals="2" methods="1" coveredmethods="1"/>
      <file name="bubblingSort.ts" path="/Users/hukun/github/algorithms/src/sort/bubbingSort/bubblingSort.ts">
        <metrics statements="9" coveredstatements="9" conditionals="2" coveredconditionals="2" methods="1" coveredmethods="1"/>
        <line num="6" count="1" type="stmt"/>
        <line num="7" count="4" type="stmt"/>
        <line num="8" count="4" type="stmt"/>
        <line num="9" count="229" type="stmt"/>
        <line num="10" count="20026" type="cond" truecount="2" falsecount="0"/>
        <line num="11" count="10451" type="stmt"/>
        <line num="12" count="10451" type="stmt"/>
        <line num="13" count="10451" type="stmt"/>
        <line num="17" count="4" type="stmt"/>
      </file>
    </package>
    <package name="sort.heapSort">
      <metrics statements="19" coveredstatements="19" conditionals="6" coveredconditionals="6" methods="3" coveredmethods="3"/>
      <file name="heapSort.ts" path="/Users/hukun/github/algorithms/src/sort/heapSort/heapSort.ts">
        <metrics statements="19" coveredstatements="19" conditionals="6" coveredconditionals="6" methods="3" coveredmethods="3"/>
        <line num="10" count="229" type="stmt"/>
        <line num="11" count="229" type="stmt"/>
        <line num="12" count="229" type="stmt"/>
        <line num="22" count="347" type="stmt"/>
        <line num="23" count="347" type="stmt"/>
        <line num="24" count="1299" type="cond" truecount="4" falsecount="0"/>
        <line num="25" count="598" type="stmt"/>
        <line num="27" count="1299" type="cond" truecount="2" falsecount="0"/>
        <line num="28" count="1221" type="stmt"/>
        <line num="29" count="1221" type="stmt"/>
        <line num="31" count="78" type="stmt"/>
        <line num="34" count="347" type="stmt"/>
        <line num="42" count="4" type="stmt"/>
        <line num="45" count="4" type="stmt"/>
        <line num="46" count="118" type="stmt"/>
        <line num="50" count="4" type="stmt"/>
        <line num="52" count="229" type="stmt"/>
        <line num="53" count="229" type="stmt"/>
        <line num="55" count="4" type="stmt"/>
      </file>
    </package>
    <package name="sort.insertSort">
      <metrics statements="10" coveredstatements="10" conditionals="2" coveredconditionals="2" methods="1" coveredmethods="1"/>
      <file name="insertSort.ts" path="/Users/hukun/github/algorithms/src/sort/insertSort/insertSort.ts">
        <metrics statements="10" coveredstatements="10" conditionals="2" coveredconditionals="2" methods="1" coveredmethods="1"/>
        <line num="6" count="1" type="stmt"/>
        <line num="8" count="4" type="stmt"/>
        <line num="9" count="4" type="stmt"/>
        <line num="10" count="229" type="stmt"/>
        <line num="11" count="229" type="stmt"/>
        <line num="12" count="229" type="cond" truecount="2" falsecount="0"/>
        <line num="13" count="10842" type="stmt"/>
        <line num="14" count="10842" type="stmt"/>
        <line num="16" count="229" type="stmt"/>
        <line num="18" count="4" type="stmt"/>
      </file>
    </package>
    <package name="sort.mergeSort">
      <metrics statements="28" coveredstatements="28" conditionals="10" coveredconditionals="10" methods="3" coveredmethods="3"/>
      <file name="mergeSort.ts" path="/Users/hukun/github/algorithms/src/sort/mergeSort/mergeSort.ts">
        <metrics statements="28" coveredstatements="28" conditionals="10" coveredconditionals="10" methods="3" coveredmethods="3"/>
        <line num="2" count="1" type="stmt"/>
        <line num="9" count="225" type="stmt"/>
        <line num="10" count="225" type="stmt"/>
        <line num="11" count="225" type="stmt"/>
        <line num="12" count="225" type="stmt"/>
        <line num="13" count="225" type="stmt"/>
        <line num="14" count="225" type="cond" truecount="2" falsecount="0"/>
        <line num="15" count="1338" type="cond" truecount="2" falsecount="0"/>
        <line num="16" count="694" type="stmt"/>
        <line num="18" count="644" type="stmt"/>
        <line num="21" count="225" type="stmt"/>
        <line num="22" count="172" type="stmt"/>
        <line num="24" count="225" type="stmt"/>
        <line num="25" count="131" type="stmt"/>
        <line num="27" count="225" type="stmt"/>
        <line num="28" count="1641" type="stmt"/>
        <line num="33" count="1" type="stmt"/>
        <line num="39" count="454" type="cond" truecount="2" falsecount="0"/>
        <line num="40" count="225" type="stmt"/>
        <line num="41" count="225" type="stmt"/>
        <line num="42" count="225" type="stmt"/>
        <line num="43" count="225" type="stmt"/>
        <line num="51" count="1" type="stmt"/>
        <line num="52" count="5" type="cond" truecount="4" falsecount="0"/>
        <line num="53" count="4" type="stmt"/>
        <line num="54" count="4" type="stmt"/>
        <line num="55" count="4" type="stmt"/>
        <line num="56" count="4" type="stmt"/>
      </file>
    </package>
    <package name="sort.quickSort">
      <metrics statements="46" coveredstatements="46" conditionals="22" coveredconditionals="22" methods="4" coveredmethods="4"/>
      <file name="quickSort.ts" path="/Users/hukun/github/algorithms/src/sort/quickSort/quickSort.ts">
        <metrics statements="46" coveredstatements="46" conditionals="22" coveredconditionals="22" methods="4" coveredmethods="4"/>
        <line num="4" count="1" type="stmt"/>
        <line num="6" count="4" type="stmt"/>
        <line num="7" count="149" type="cond" truecount="2" falsecount="0"/>
        <line num="21" count="4" type="stmt"/>
        <line num="27" count="302" type="cond" truecount="2" falsecount="0"/>
        <line num="28" count="153" type="stmt"/>
        <line num="31" count="149" type="stmt"/>
        <line num="34" count="149" type="stmt"/>
        <line num="35" count="149" type="stmt"/>
        <line num="36" count="149" type="stmt"/>
        <line num="37" count="149" type="stmt"/>
        <line num="40" count="149" type="stmt"/>
        <line num="42" count="384" type="cond" truecount="2" falsecount="0"/>
        <line num="43" count="1307" type="stmt"/>
        <line num="45" count="384" type="stmt"/>
        <line num="48" count="384" type="cond" truecount="2" falsecount="0"/>
        <line num="49" count="394" type="stmt"/>
        <line num="51" count="384" type="stmt"/>
        <line num="55" count="149" type="stmt"/>
        <line num="58" count="149" type="stmt"/>
        <line num="61" count="149" type="stmt"/>
        <line num="64" count="4" type="stmt"/>
        <line num="76" count="1" type="stmt"/>
        <line num="82" count="4" type="stmt"/>
        <line num="83" count="4" type="cond" truecount="2" falsecount="0"/>
        <line num="84" count="1" type="stmt"/>
        <line num="85" count="1" type="stmt"/>
        <line num="86" count="1" type="stmt"/>
        <line num="87" count="1" type="stmt"/>
        <line num="88" count="1" type="stmt"/>
        <line num="89" count="1" type="stmt"/>
        <line num="91" count="4" type="cond" truecount="2" falsecount="0"/>
        <line num="92" count="2" type="stmt"/>
        <line num="93" count="2" type="stmt"/>
        <line num="94" count="2" type="stmt"/>
        <line num="95" count="2" type="stmt"/>
        <line num="96" count="2" type="stmt"/>
        <line num="97" count="2" type="stmt"/>
        <line num="99" count="4" type="cond" truecount="2" falsecount="0"/>
        <line num="100" count="2" type="stmt"/>
        <line num="101" count="2" type="stmt"/>
        <line num="102" count="2" type="stmt"/>
        <line num="103" count="2" type="stmt"/>
        <line num="104" count="2" type="stmt"/>
        <line num="105" count="2" type="stmt"/>
        <line num="107" count="4" type="stmt"/>
      </file>
    </package>
    <package name="sort.selectSort">
      <metrics statements="11" coveredstatements="11" conditionals="2" coveredconditionals="2" methods="1" coveredmethods="1"/>
      <file name="selectSort.ts" path="/Users/hukun/github/algorithms/src/sort/selectSort/selectSort.ts">
        <metrics statements="11" coveredstatements="11" conditionals="2" coveredconditionals="2" methods="1" coveredmethods="1"/>
        <line num="7" count="1" type="stmt"/>
        <line num="8" count="4" type="stmt"/>
        <line num="10" count="4" type="stmt"/>
        <line num="11" count="229" type="stmt"/>
        <line num="12" count="229" type="stmt"/>
        <line num="13" count="20026" type="cond" truecount="2" falsecount="0"/>
        <line num="14" count="896" type="stmt"/>
        <line num="17" count="229" type="stmt"/>
        <line num="18" count="229" type="stmt"/>
        <line num="19" count="229" type="stmt"/>
        <line num="21" count="4" type="stmt"/>
      </file>
    </package>
    <package name="sort.shellSort">
      <metrics statements="16" coveredstatements="16" conditionals="2" coveredconditionals="2" methods="2" coveredmethods="2"/>
      <file name="shellSort.ts" path="/Users/hukun/github/algorithms/src/sort/shellSort/shellSort.ts">
        <metrics statements="16" coveredstatements="16" conditionals="2" coveredconditionals="2" methods="2" coveredmethods="2"/>
        <line num="9" count="864" type="stmt"/>
        <line num="10" count="864" type="stmt"/>
        <line num="11" count="864" type="cond" truecount="2" falsecount="0"/>
        <line num="12" count="1201" type="stmt"/>
        <line num="13" count="1201" type="stmt"/>
        <line num="15" count="864" type="stmt"/>
        <line num="22" count="1" type="stmt"/>
        <line num="23" count="4" type="stmt"/>
        <line num="24" count="4" type="stmt"/>
        <line num="25" count="4" type="stmt"/>
        <line num="26" count="11" type="stmt"/>
        <line num="28" count="4" type="stmt"/>
        <line num="29" count="15" type="stmt"/>
        <line num="30" count="864" type="stmt"/>
        <line num="32" count="15" type="stmt"/>
        <line num="34" count="4" type="stmt"/>
      </file>
    </package>
  </project>
</coverage>
