{"/Users/hukun/github/algorithms/src/data-structures/b+tree/bPlusTree-genericity.ts": {"path":"/Users/hukun/github/algorithms/src/data-structures/b+tree/bPlusTree-genericity.ts","statementMap":{"0":{"start":{"line":36,"column":17},"end":{"line":36,"column":18}},"1":{"start":{"line":40,"column":28},"end":{"line":40,"column":32}},"2":{"start":{"line":49,"column":4},"end":{"line":49,"column":21}},"3":{"start":{"line":50,"column":4},"end":{"line":50,"column":43}},"4":{"start":{"line":57,"column":4},"end":{"line":57,"column":19}},"5":{"start":{"line":58,"column":4},"end":{"line":58,"column":21}},"6":{"start":{"line":67,"column":4},"end":{"line":69,"column":5}},"7":{"start":{"line":68,"column":6},"end":{"line":68,"column":19}},"8":{"start":{"line":70,"column":17},"end":{"line":70,"column":39}},"9":{"start":{"line":71,"column":18},"end":{"line":71,"column":44}},"10":{"start":{"line":72,"column":4},"end":{"line":74,"column":5}},"11":{"start":{"line":73,"column":6},"end":{"line":73,"column":19}},"12":{"start":{"line":75,"column":4},"end":{"line":75,"column":34}},"13":{"start":{"line":76,"column":4},"end":{"line":76,"column":16}},"14":{"start":{"line":84,"column":4},"end":{"line":84,"column":49}},"15":{"start":{"line":84,"column":28},"end":{"line":84,"column":49}},"16":{"start":{"line":85,"column":17},"end":{"line":85,"column":39}},"17":{"start":{"line":86,"column":18},"end":{"line":86,"column":44}},"18":{"start":{"line":87,"column":4},"end":{"line":89,"column":5}},"19":{"start":{"line":88,"column":6},"end":{"line":88,"column":27}},"20":{"start":{"line":90,"column":4},"end":{"line":90,"column":41}},"21":{"start":{"line":99,"column":4},"end":{"line":99,"column":38}},"22":{"start":{"line":99,"column":28},"end":{"line":99,"column":38}},"23":{"start":{"line":100,"column":24},"end":{"line":100,"column":26}},"24":{"start":{"line":101,"column":15},"end":{"line":101,"column":37}},"25":{"start":{"line":102,"column":4},"end":{"line":112,"column":5}},"26":{"start":{"line":103,"column":6},"end":{"line":110,"column":7}},"27":{"start":{"line":104,"column":8},"end":{"line":106,"column":9}},"28":{"start":{"line":105,"column":10},"end":{"line":105,"column":33}},"29":{"start":{"line":107,"column":8},"end":{"line":109,"column":9}},"30":{"start":{"line":108,"column":10},"end":{"line":108,"column":24}},"31":{"start":{"line":111,"column":6},"end":{"line":111,"column":24}},"32":{"start":{"line":113,"column":4},"end":{"line":113,"column":18}},"33":{"start":{"line":122,"column":4},"end":{"line":122,"column":35}},"34":{"start":{"line":122,"column":28},"end":{"line":122,"column":35}},"35":{"start":{"line":123,"column":4},"end":{"line":127,"column":5}},"36":{"start":{"line":124,"column":6},"end":{"line":124,"column":29}},"37":{"start":{"line":126,"column":6},"end":{"line":126,"column":30}},"38":{"start":{"line":136,"column":4},"end":{"line":142,"column":5}},"39":{"start":{"line":137,"column":19},"end":{"line":137,"column":36}},"40":{"start":{"line":138,"column":6},"end":{"line":138,"column":53}},"41":{"start":{"line":139,"column":6},"end":{"line":139,"column":23}},"42":{"start":{"line":140,"column":6},"end":{"line":140,"column":21}},"43":{"start":{"line":141,"column":6},"end":{"line":141,"column":13}},"44":{"start":{"line":143,"column":17},"end":{"line":143,"column":39}},"45":{"start":{"line":144,"column":4},"end":{"line":146,"column":5}},"46":{"start":{"line":145,"column":6},"end":{"line":145,"column":47}},"47":{"start":{"line":147,"column":16},"end":{"line":147,"column":31}},"48":{"start":{"line":148,"column":18},"end":{"line":148,"column":49}},"49":{"start":{"line":149,"column":22},"end":{"line":149,"column":39}},"50":{"start":{"line":150,"column":4},"end":{"line":150,"column":65}},"51":{"start":{"line":151,"column":4},"end":{"line":158,"column":5}},"52":{"start":{"line":152,"column":24},"end":{"line":152,"column":41}},"53":{"start":{"line":153,"column":6},"end":{"line":155,"column":7}},"54":{"start":{"line":154,"column":8},"end":{"line":154,"column":66}},"55":{"start":{"line":156,"column":6},"end":{"line":156,"column":19}},"56":{"start":{"line":157,"column":6},"end":{"line":157,"column":13}},"57":{"start":{"line":159,"column":4},"end":{"line":159,"column":38}},"58":{"start":{"line":160,"column":4},"end":{"line":160,"column":17}},"59":{"start":{"line":168,"column":4},"end":{"line":168,"column":41}},"60":{"start":{"line":168,"column":28},"end":{"line":168,"column":41}},"61":{"start":{"line":169,"column":17},"end":{"line":169,"column":39}},"62":{"start":{"line":170,"column":18},"end":{"line":170,"column":44}},"63":{"start":{"line":171,"column":4},"end":{"line":171,"column":24}},"64":{"start":{"line":179,"column":4},"end":{"line":179,"column":41}},"65":{"start":{"line":179,"column":28},"end":{"line":179,"column":41}},"66":{"start":{"line":180,"column":17},"end":{"line":180,"column":39}},"67":{"start":{"line":181,"column":18},"end":{"line":181,"column":44}},"68":{"start":{"line":182,"column":4},"end":{"line":184,"column":5}},"69":{"start":{"line":183,"column":6},"end":{"line":183,"column":19}},"70":{"start":{"line":185,"column":4},"end":{"line":185,"column":27}},"71":{"start":{"line":200,"column":22},"end":{"line":200,"column":51}},"72":{"start":{"line":201,"column":18},"end":{"line":201,"column":44}},"73":{"start":{"line":202,"column":4},"end":{"line":202,"column":30}},"74":{"start":{"line":204,"column":4},"end":{"line":206,"column":5}},"75":{"start":{"line":205,"column":6},"end":{"line":205,"column":78}},"76":{"start":{"line":209,"column":4},"end":{"line":211,"column":5}},"77":{"start":{"line":210,"column":6},"end":{"line":210,"column":13}},"78":{"start":{"line":213,"column":4},"end":{"line":224,"column":5}},"79":{"start":{"line":214,"column":6},"end":{"line":217,"column":7}},"80":{"start":{"line":215,"column":8},"end":{"line":215,"column":40}},"81":{"start":{"line":216,"column":8},"end":{"line":216,"column":15}},"82":{"start":{"line":218,"column":6},"end":{"line":221,"column":7}},"83":{"start":{"line":219,"column":8},"end":{"line":219,"column":40}},"84":{"start":{"line":220,"column":8},"end":{"line":220,"column":15}},"85":{"start":{"line":222,"column":6},"end":{"line":222,"column":35}},"86":{"start":{"line":223,"column":6},"end":{"line":223,"column":13}},"87":{"start":{"line":225,"column":4},"end":{"line":232,"column":5}},"88":{"start":{"line":226,"column":6},"end":{"line":229,"column":7}},"89":{"start":{"line":227,"column":8},"end":{"line":227,"column":40}},"90":{"start":{"line":228,"column":8},"end":{"line":228,"column":15}},"91":{"start":{"line":230,"column":6},"end":{"line":230,"column":35}},"92":{"start":{"line":231,"column":6},"end":{"line":231,"column":13}},"93":{"start":{"line":233,"column":4},"end":{"line":240,"column":5}},"94":{"start":{"line":234,"column":6},"end":{"line":237,"column":7}},"95":{"start":{"line":235,"column":8},"end":{"line":235,"column":40}},"96":{"start":{"line":236,"column":8},"end":{"line":236,"column":15}},"97":{"start":{"line":238,"column":6},"end":{"line":238,"column":34}},"98":{"start":{"line":239,"column":6},"end":{"line":239,"column":13}},"99":{"start":{"line":251,"column":22},"end":{"line":251,"column":51}},"100":{"start":{"line":252,"column":14},"end":{"line":252,"column":45}},"101":{"start":{"line":253,"column":4},"end":{"line":253,"column":50}},"102":{"start":{"line":254,"column":4},"end":{"line":258,"column":6}},"103":{"start":{"line":260,"column":4},"end":{"line":264,"column":5}},"104":{"start":{"line":261,"column":6},"end":{"line":263,"column":7}},"105":{"start":{"line":262,"column":8},"end":{"line":262,"column":36}},"106":{"start":{"line":265,"column":4},"end":{"line":265,"column":36}},"107":{"start":{"line":275,"column":22},"end":{"line":275,"column":51}},"108":{"start":{"line":276,"column":16},"end":{"line":276,"column":50}},"109":{"start":{"line":277,"column":14},"end":{"line":277,"column":37}},"110":{"start":{"line":278,"column":4},"end":{"line":282,"column":5}},"111":{"start":{"line":279,"column":6},"end":{"line":281,"column":7}},"112":{"start":{"line":280,"column":8},"end":{"line":280,"column":35}},"113":{"start":{"line":283,"column":4},"end":{"line":283,"column":37}},"114":{"start":{"line":284,"column":4},"end":{"line":284,"column":34}},"115":{"start":{"line":285,"column":4},"end":{"line":285,"column":72}},"116":{"start":{"line":294,"column":17},"end":{"line":294,"column":46}},"117":{"start":{"line":295,"column":4},"end":{"line":299,"column":5}},"118":{"start":{"line":296,"column":6},"end":{"line":298,"column":7}},"119":{"start":{"line":297,"column":8},"end":{"line":297,"column":36}},"120":{"start":{"line":300,"column":4},"end":{"line":300,"column":43}},"121":{"start":{"line":301,"column":4},"end":{"line":301,"column":27}},"122":{"start":{"line":303,"column":4},"end":{"line":303,"column":39}},"123":{"start":{"line":304,"column":4},"end":{"line":308,"column":5}},"124":{"start":{"line":305,"column":6},"end":{"line":305,"column":24}},"125":{"start":{"line":306,"column":6},"end":{"line":306,"column":30}},"126":{"start":{"line":307,"column":6},"end":{"line":307,"column":36}},"127":{"start":{"line":318,"column":4},"end":{"line":334,"column":5}},"128":{"start":{"line":319,"column":19},"end":{"line":319,"column":28}},"129":{"start":{"line":320,"column":19},"end":{"line":320,"column":48}},"130":{"start":{"line":321,"column":19},"end":{"line":321,"column":48}},"131":{"start":{"line":322,"column":16},"end":{"line":322,"column":27}},"132":{"start":{"line":323,"column":6},"end":{"line":325,"column":7}},"133":{"start":{"line":324,"column":8},"end":{"line":324,"column":33}},"134":{"start":{"line":326,"column":6},"end":{"line":326,"column":23}},"135":{"start":{"line":327,"column":6},"end":{"line":327,"column":35}},"136":{"start":{"line":328,"column":6},"end":{"line":328,"column":55}},"137":{"start":{"line":330,"column":6},"end":{"line":332,"column":7}},"138":{"start":{"line":331,"column":8},"end":{"line":331,"column":62}},"139":{"start":{"line":333,"column":6},"end":{"line":333,"column":13}},"140":{"start":{"line":336,"column":4},"end":{"line":348,"column":5}},"141":{"start":{"line":337,"column":20},"end":{"line":337,"column":30}},"142":{"start":{"line":338,"column":17},"end":{"line":338,"column":36}},"143":{"start":{"line":339,"column":19},"end":{"line":339,"column":31}},"144":{"start":{"line":340,"column":6},"end":{"line":340,"column":39}},"145":{"start":{"line":341,"column":6},"end":{"line":343,"column":7}},"146":{"start":{"line":342,"column":8},"end":{"line":342,"column":37}},"147":{"start":{"line":344,"column":6},"end":{"line":344,"column":30}},"148":{"start":{"line":346,"column":6},"end":{"line":346,"column":70}},"149":{"start":{"line":347,"column":6},"end":{"line":347,"column":13}},"150":{"start":{"line":350,"column":22},"end":{"line":350,"column":43}},"151":{"start":{"line":352,"column":4},"end":{"line":368,"column":5}},"152":{"start":{"line":353,"column":19},"end":{"line":353,"column":36}},"153":{"start":{"line":354,"column":6},"end":{"line":354,"column":26}},"154":{"start":{"line":355,"column":6},"end":{"line":355,"column":25}},"155":{"start":{"line":356,"column":6},"end":{"line":356,"column":30}},"156":{"start":{"line":357,"column":18},"end":{"line":360,"column":7}},"157":{"start":{"line":361,"column":18},"end":{"line":364,"column":7}},"158":{"start":{"line":365,"column":6},"end":{"line":365,"column":28}},"159":{"start":{"line":366,"column":6},"end":{"line":366,"column":23}},"160":{"start":{"line":367,"column":6},"end":{"line":367,"column":13}},"161":{"start":{"line":369,"column":15},"end":{"line":369,"column":30}},"162":{"start":{"line":370,"column":15},"end":{"line":370,"column":35}},"163":{"start":{"line":371,"column":19},"end":{"line":371,"column":30}},"164":{"start":{"line":372,"column":15},"end":{"line":372,"column":32}},"165":{"start":{"line":373,"column":23},"end":{"line":373,"column":46}},"166":{"start":{"line":374,"column":14},"end":{"line":374,"column":49}},"167":{"start":{"line":375,"column":4},"end":{"line":379,"column":6}},"168":{"start":{"line":382,"column":20},"end":{"line":382,"column":41}},"169":{"start":{"line":384,"column":15},"end":{"line":384,"column":50}},"170":{"start":{"line":385,"column":4},"end":{"line":385,"column":40}},"171":{"start":{"line":387,"column":4},"end":{"line":391,"column":5}},"172":{"start":{"line":388,"column":6},"end":{"line":388,"column":63}},"173":{"start":{"line":389,"column":6},"end":{"line":389,"column":39}},"174":{"start":{"line":390,"column":6},"end":{"line":390,"column":29}},"175":{"start":{"line":393,"column":4},"end":{"line":395,"column":5}},"176":{"start":{"line":394,"column":6},"end":{"line":394,"column":45}},"177":{"start":{"line":403,"column":16},"end":{"line":403,"column":50}},"178":{"start":{"line":404,"column":16},"end":{"line":404,"column":47}},"179":{"start":{"line":405,"column":18},"end":{"line":405,"column":35}},"180":{"start":{"line":406,"column":4},"end":{"line":406,"column":20}},"181":{"start":{"line":407,"column":4},"end":{"line":407,"column":19}},"182":{"start":{"line":408,"column":4},"end":{"line":414,"column":5}},"183":{"start":{"line":409,"column":16},"end":{"line":409,"column":26}},"184":{"start":{"line":410,"column":6},"end":{"line":410,"column":22}},"185":{"start":{"line":411,"column":6},"end":{"line":411,"column":21}},"186":{"start":{"line":413,"column":6},"end":{"line":413,"column":25}},"187":{"start":{"line":415,"column":4},"end":{"line":415,"column":22}},"188":{"start":{"line":416,"column":4},"end":{"line":416,"column":23}},"189":{"start":{"line":418,"column":4},"end":{"line":418,"column":31}},"190":{"start":{"line":419,"column":4},"end":{"line":419,"column":31}},"191":{"start":{"line":420,"column":4},"end":{"line":424,"column":5}},"192":{"start":{"line":421,"column":6},"end":{"line":423,"column":7}},"193":{"start":{"line":422,"column":8},"end":{"line":422,"column":34}},"194":{"start":{"line":425,"column":4},"end":{"line":425,"column":17}},"195":{"start":{"line":433,"column":15},"end":{"line":433,"column":24}},"196":{"start":{"line":434,"column":4},"end":{"line":441,"column":5}},"197":{"start":{"line":435,"column":6},"end":{"line":437,"column":7}},"198":{"start":{"line":436,"column":8},"end":{"line":436,"column":20}},"199":{"start":{"line":438,"column":16},"end":{"line":438,"column":44}},"200":{"start":{"line":439,"column":19},"end":{"line":439,"column":30}},"201":{"start":{"line":440,"column":6},"end":{"line":440,"column":27}},"202":{"start":{"line":448,"column":15},"end":{"line":448,"column":24}},"203":{"start":{"line":449,"column":4},"end":{"line":455,"column":5}},"204":{"start":{"line":450,"column":6},"end":{"line":452,"column":7}},"205":{"start":{"line":451,"column":8},"end":{"line":451,"column":20}},"206":{"start":{"line":453,"column":19},"end":{"line":453,"column":30}},"207":{"start":{"line":454,"column":6},"end":{"line":454,"column":27}},"208":{"start":{"line":457,"column":4},"end":{"line":457,"column":21}},"209":{"start":{"line":464,"column":15},"end":{"line":464,"column":24}},"210":{"start":{"line":465,"column":4},"end":{"line":471,"column":5}},"211":{"start":{"line":466,"column":6},"end":{"line":468,"column":7}},"212":{"start":{"line":467,"column":8},"end":{"line":467,"column":20}},"213":{"start":{"line":469,"column":19},"end":{"line":469,"column":48}},"214":{"start":{"line":470,"column":6},"end":{"line":470,"column":27}},"215":{"start":{"line":473,"column":4},"end":{"line":473,"column":21}},"216":{"start":{"line":483,"column":4},"end":{"line":483,"column":29}},"217":{"start":{"line":490,"column":15},"end":{"line":490,"column":37}},"218":{"start":{"line":491,"column":15},"end":{"line":491,"column":20}},"219":{"start":{"line":492,"column":4},"end":{"line":500,"column":5}},"220":{"start":{"line":493,"column":6},"end":{"line":498,"column":7}},"221":{"start":{"line":494,"column":8},"end":{"line":494,"column":38}},"222":{"start":{"line":495,"column":8},"end":{"line":497,"column":9}},"223":{"start":{"line":496,"column":10},"end":{"line":496,"column":17}},"224":{"start":{"line":499,"column":6},"end":{"line":499,"column":24}},"225":{"start":{"line":508,"column":15},"end":{"line":508,"column":39}},"226":{"start":{"line":509,"column":15},"end":{"line":509,"column":20}},"227":{"start":{"line":510,"column":4},"end":{"line":521,"column":5}},"228":{"start":{"line":511,"column":16},"end":{"line":511,"column":35}},"229":{"start":{"line":512,"column":6},"end":{"line":519,"column":7}},"230":{"start":{"line":513,"column":31},"end":{"line":513,"column":44}},"231":{"start":{"line":514,"column":8},"end":{"line":514,"column":30}},"232":{"start":{"line":515,"column":8},"end":{"line":517,"column":9}},"233":{"start":{"line":516,"column":10},"end":{"line":516,"column":17}},"234":{"start":{"line":518,"column":8},"end":{"line":518,"column":14}},"235":{"start":{"line":520,"column":6},"end":{"line":520,"column":23}},"236":{"start":{"line":529,"column":4},"end":{"line":533,"column":6}},"237":{"start":{"line":542,"column":4},"end":{"line":546,"column":6}},"238":{"start":{"line":555,"column":14},"end":{"line":555,"column":15}},"239":{"start":{"line":556,"column":4},"end":{"line":560,"column":5}},"240":{"start":{"line":556,"column":19},"end":{"line":556,"column":34}},"241":{"start":{"line":557,"column":6},"end":{"line":559,"column":7}},"242":{"start":{"line":558,"column":8},"end":{"line":558,"column":19}},"243":{"start":{"line":563,"column":4},"end":{"line":563,"column":19}},"244":{"start":{"line":572,"column":14},"end":{"line":572,"column":15}},"245":{"start":{"line":573,"column":4},"end":{"line":577,"column":5}},"246":{"start":{"line":573,"column":19},"end":{"line":573,"column":34}},"247":{"start":{"line":574,"column":6},"end":{"line":576,"column":7}},"248":{"start":{"line":575,"column":8},"end":{"line":575,"column":19}},"249":{"start":{"line":579,"column":4},"end":{"line":579,"column":15}},"250":{"start":{"line":588,"column":4},"end":{"line":593,"column":5}},"251":{"start":{"line":588,"column":17},"end":{"line":588,"column":18}},"252":{"start":{"line":588,"column":26},"end":{"line":588,"column":41}},"253":{"start":{"line":589,"column":19},"end":{"line":589,"column":30}},"254":{"start":{"line":590,"column":6},"end":{"line":592,"column":7}},"255":{"start":{"line":591,"column":8},"end":{"line":591,"column":17}},"256":{"start":{"line":594,"column":4},"end":{"line":594,"column":14}},"257":{"start":{"line":604,"column":12},"end":{"line":604,"column":23}},"258":{"start":{"line":605,"column":4},"end":{"line":613,"column":5}},"259":{"start":{"line":606,"column":17},"end":{"line":606,"column":29}},"260":{"start":{"line":607,"column":16},"end":{"line":607,"column":37}},"261":{"start":{"line":608,"column":6},"end":{"line":608,"column":24}},"262":{"start":{"line":609,"column":6},"end":{"line":611,"column":7}},"263":{"start":{"line":610,"column":8},"end":{"line":610,"column":14}},"264":{"start":{"line":612,"column":6},"end":{"line":612,"column":19}},"265":{"start":{"line":614,"column":4},"end":{"line":614,"column":11}},"266":{"start":{"line":621,"column":4},"end":{"line":627,"column":6}},"267":{"start":{"line":636,"column":4},"end":{"line":642,"column":5}},"268":{"start":{"line":637,"column":6},"end":{"line":639,"column":7}},"269":{"start":{"line":638,"column":8},"end":{"line":638,"column":44}},"270":{"start":{"line":641,"column":6},"end":{"line":641,"column":21}},"271":{"start":{"line":649,"column":4},"end":{"line":651,"column":5}},"272":{"start":{"line":650,"column":6},"end":{"line":650,"column":16}},"273":{"start":{"line":652,"column":15},"end":{"line":652,"column":37}},"274":{"start":{"line":653,"column":21},"end":{"line":653,"column":75}},"275":{"start":{"line":653,"column":57},"end":{"line":653,"column":70}},"276":{"start":{"line":654,"column":26},"end":{"line":654,"column":28}},"277":{"start":{"line":655,"column":4},"end":{"line":660,"column":5}},"278":{"start":{"line":656,"column":16},"end":{"line":656,"column":48}},"279":{"start":{"line":656,"column":30},"end":{"line":656,"column":47}},"280":{"start":{"line":656,"column":41},"end":{"line":656,"column":46}},"281":{"start":{"line":657,"column":16},"end":{"line":657,"column":57}},"282":{"start":{"line":657,"column":39},"end":{"line":657,"column":52}},"283":{"start":{"line":658,"column":16},"end":{"line":658,"column":66}},"284":{"start":{"line":659,"column":6},"end":{"line":659,"column":47}},"285":{"start":{"line":661,"column":4},"end":{"line":661,"column":15}},"286":{"start":{"line":669,"column":18},"end":{"line":669,"column":19}},"287":{"start":{"line":670,"column":15},"end":{"line":670,"column":24}},"288":{"start":{"line":671,"column":4},"end":{"line":679,"column":5}},"289":{"start":{"line":672,"column":6},"end":{"line":674,"column":7}},"290":{"start":{"line":673,"column":8},"end":{"line":673,"column":23}},"291":{"start":{"line":675,"column":16},"end":{"line":675,"column":44}},"292":{"start":{"line":676,"column":19},"end":{"line":676,"column":30}},"293":{"start":{"line":677,"column":6},"end":{"line":677,"column":27}},"294":{"start":{"line":678,"column":6},"end":{"line":678,"column":16}},"295":{"start":{"line":680,"column":4},"end":{"line":680,"column":19}},"296":{"start":{"line":687,"column":15},"end":{"line":687,"column":37}},"297":{"start":{"line":688,"column":17},"end":{"line":688,"column":34}},"298":{"start":{"line":689,"column":21},"end":{"line":689,"column":62}},"299":{"start":{"line":689,"column":44},"end":{"line":689,"column":57}},"300":{"start":{"line":690,"column":14},"end":{"line":690,"column":46}},"301":{"start":{"line":690,"column":28},"end":{"line":690,"column":45}},"302":{"start":{"line":690,"column":39},"end":{"line":690,"column":44}},"303":{"start":{"line":691,"column":14},"end":{"line":691,"column":55}},"304":{"start":{"line":691,"column":37},"end":{"line":691,"column":50}},"305":{"start":{"line":692,"column":14},"end":{"line":692,"column":64}},"306":{"start":{"line":693,"column":4},"end":{"line":693,"column":42}},"307":{"start":{"line":700,"column":15},"end":{"line":700,"column":37}},"308":{"start":{"line":701,"column":17},"end":{"line":701,"column":34}},"309":{"start":{"line":702,"column":4},"end":{"line":702,"column":44}},"310":{"start":{"line":702,"column":25},"end":{"line":702,"column":42}},"311":{"start":{"line":702,"column":36},"end":{"line":702,"column":41}},"312":{"start":{"line":706,"column":4},"end":{"line":708,"column":5}},"313":{"start":{"line":707,"column":6},"end":{"line":707,"column":16}},"314":{"start":{"line":709,"column":30},"end":{"line":717,"column":5}},"315":{"start":{"line":718,"column":15},"end":{"line":718,"column":17}},"316":{"start":{"line":719,"column":4},"end":{"line":725,"column":5}},"317":{"start":{"line":720,"column":6},"end":{"line":724,"column":9}},"318":{"start":{"line":726,"column":4},"end":{"line":726,"column":24}},"319":{"start":{"line":727,"column":4},"end":{"line":727,"column":41}},"320":{"start":{"line":729,"column":4},"end":{"line":750,"column":5}},"321":{"start":{"line":730,"column":35},"end":{"line":730,"column":37}},"322":{"start":{"line":731,"column":6},"end":{"line":748,"column":7}},"323":{"start":{"line":732,"column":19},"end":{"line":732,"column":21}},"324":{"start":{"line":733,"column":8},"end":{"line":743,"column":9}},"325":{"start":{"line":734,"column":43},"end":{"line":738,"column":11}},"326":{"start":{"line":739,"column":10},"end":{"line":741,"column":11}},"327":{"start":{"line":740,"column":12},"end":{"line":740,"column":73}},"328":{"start":{"line":742,"column":10},"end":{"line":742,"column":23}},"329":{"start":{"line":744,"column":8},"end":{"line":747,"column":11}},"330":{"start":{"line":749,"column":6},"end":{"line":749,"column":25}},"331":{"start":{"line":752,"column":4},"end":{"line":752,"column":16}},"332":{"start":{"line":761,"column":14},"end":{"line":761,"column":39}},"333":{"start":{"line":762,"column":33},"end":{"line":762,"column":39}},"334":{"start":{"line":763,"column":4},"end":{"line":765,"column":5}},"335":{"start":{"line":764,"column":6},"end":{"line":764,"column":28}},"336":{"start":{"line":766,"column":4},"end":{"line":766,"column":23}},"337":{"start":{"line":773,"column":28},"end":{"line":773,"column":39}},"338":{"start":{"line":774,"column":34},"end":{"line":774,"column":36}},"339":{"start":{"line":775,"column":4},"end":{"line":787,"column":5}},"340":{"start":{"line":776,"column":33},"end":{"line":776,"column":35}},"341":{"start":{"line":777,"column":30},"end":{"line":777,"column":32}},"342":{"start":{"line":778,"column":6},"end":{"line":783,"column":7}},"343":{"start":{"line":779,"column":8},"end":{"line":779,"column":25}},"344":{"start":{"line":780,"column":8},"end":{"line":782,"column":9}},"345":{"start":{"line":781,"column":10},"end":{"line":781,"column":54}},"346":{"start":{"line":781,"column":41},"end":{"line":781,"column":51}},"347":{"start":{"line":784,"column":6},"end":{"line":784,"column":22}},"348":{"start":{"line":785,"column":6},"end":{"line":785,"column":25}},"349":{"start":{"line":786,"column":6},"end":{"line":786,"column":17}},"350":{"start":{"line":788,"column":4},"end":{"line":788,"column":14}}},"fnMap":{"0":{"name":"(anonymous_0)","decl":{"start":{"line":48,"column":2},"end":{"line":48,"column":3}},"loc":{"start":{"line":48,"column":35},"end":{"line":51,"column":3}},"line":48},"1":{"name":"(anonymous_1)","decl":{"start":{"line":56,"column":2},"end":{"line":56,"column":3}},"loc":{"start":{"line":56,"column":23},"end":{"line":59,"column":3}},"line":56},"2":{"name":"(anonymous_2)","decl":{"start":{"line":66,"column":2},"end":{"line":66,"column":3}},"loc":{"start":{"line":66,"column":48},"end":{"line":77,"column":3}},"line":66},"3":{"name":"(anonymous_3)","decl":{"start":{"line":83,"column":2},"end":{"line":83,"column":3}},"loc":{"start":{"line":83,"column":41},"end":{"line":91,"column":3}},"line":83},"4":{"name":"(anonymous_4)","decl":{"start":{"line":98,"column":2},"end":{"line":98,"column":3}},"loc":{"start":{"line":98,"column":50},"end":{"line":114,"column":3}},"line":98},"5":{"name":"(anonymous_5)","decl":{"start":{"line":121,"column":2},"end":{"line":121,"column":3}},"loc":{"start":{"line":121,"column":79},"end":{"line":128,"column":3}},"line":121},"6":{"name":"(anonymous_6)","decl":{"start":{"line":135,"column":2},"end":{"line":135,"column":3}},"loc":{"start":{"line":135,"column":45},"end":{"line":161,"column":3}},"line":135},"7":{"name":"(anonymous_7)","decl":{"start":{"line":167,"column":2},"end":{"line":167,"column":3}},"loc":{"start":{"line":167,"column":35},"end":{"line":172,"column":3}},"line":167},"8":{"name":"(anonymous_8)","decl":{"start":{"line":178,"column":2},"end":{"line":178,"column":3}},"loc":{"start":{"line":178,"column":38},"end":{"line":186,"column":3}},"line":178},"9":{"name":"(anonymous_9)","decl":{"start":{"line":199,"column":2},"end":{"line":199,"column":3}},"loc":{"start":{"line":199,"column":51},"end":{"line":241,"column":3}},"line":199},"10":{"name":"(anonymous_10)","decl":{"start":{"line":250,"column":2},"end":{"line":250,"column":3}},"loc":{"start":{"line":250,"column":57},"end":{"line":266,"column":3}},"line":250},"11":{"name":"(anonymous_11)","decl":{"start":{"line":274,"column":2},"end":{"line":274,"column":3}},"loc":{"start":{"line":274,"column":56},"end":{"line":286,"column":3}},"line":274},"12":{"name":"(anonymous_12)","decl":{"start":{"line":293,"column":2},"end":{"line":293,"column":3}},"loc":{"start":{"line":293,"column":53},"end":{"line":309,"column":3}},"line":293},"13":{"name":"(anonymous_13)","decl":{"start":{"line":316,"column":2},"end":{"line":316,"column":3}},"loc":{"start":{"line":316,"column":64},"end":{"line":396,"column":3}},"line":316},"14":{"name":"(anonymous_14)","decl":{"start":{"line":402,"column":2},"end":{"line":402,"column":3}},"loc":{"start":{"line":402,"column":45},"end":{"line":426,"column":3}},"line":402},"15":{"name":"(anonymous_15)","decl":{"start":{"line":432,"column":2},"end":{"line":432,"column":3}},"loc":{"start":{"line":432,"column":45},"end":{"line":442,"column":3}},"line":432},"16":{"name":"(anonymous_16)","decl":{"start":{"line":447,"column":2},"end":{"line":447,"column":3}},"loc":{"start":{"line":447,"column":37},"end":{"line":458,"column":3}},"line":447},"17":{"name":"(anonymous_17)","decl":{"start":{"line":463,"column":2},"end":{"line":463,"column":3}},"loc":{"start":{"line":463,"column":39},"end":{"line":474,"column":3}},"line":463},"18":{"name":"(anonymous_18)","decl":{"start":{"line":482,"column":2},"end":{"line":482,"column":3}},"loc":{"start":{"line":482,"column":68},"end":{"line":484,"column":3}},"line":482},"19":{"name":"(anonymous_19)","decl":{"start":{"line":489,"column":2},"end":{"line":489,"column":3}},"loc":{"start":{"line":489,"column":68},"end":{"line":501,"column":3}},"line":489},"20":{"name":"(anonymous_20)","decl":{"start":{"line":507,"column":2},"end":{"line":507,"column":3}},"loc":{"start":{"line":507,"column":69},"end":{"line":522,"column":3}},"line":507},"21":{"name":"(anonymous_21)","decl":{"start":{"line":528,"column":2},"end":{"line":528,"column":3}},"loc":{"start":{"line":528,"column":55},"end":{"line":534,"column":3}},"line":528},"22":{"name":"(anonymous_22)","decl":{"start":{"line":541,"column":2},"end":{"line":541,"column":3}},"loc":{"start":{"line":541,"column":70},"end":{"line":547,"column":3}},"line":541},"23":{"name":"(anonymous_23)","decl":{"start":{"line":554,"column":2},"end":{"line":554,"column":3}},"loc":{"start":{"line":554,"column":61},"end":{"line":564,"column":3}},"line":554},"24":{"name":"(anonymous_24)","decl":{"start":{"line":571,"column":2},"end":{"line":571,"column":3}},"loc":{"start":{"line":571,"column":62},"end":{"line":580,"column":3}},"line":571},"25":{"name":"(anonymous_25)","decl":{"start":{"line":587,"column":2},"end":{"line":587,"column":3}},"loc":{"start":{"line":587,"column":57},"end":{"line":595,"column":3}},"line":587},"26":{"name":"(anonymous_26)","decl":{"start":{"line":603,"column":2},"end":{"line":603,"column":3}},"loc":{"start":{"line":603,"column":75},"end":{"line":615,"column":3}},"line":603},"27":{"name":"(anonymous_27)","decl":{"start":{"line":620,"column":2},"end":{"line":620,"column":3}},"loc":{"start":{"line":620,"column":32},"end":{"line":628,"column":3}},"line":620},"28":{"name":"(anonymous_28)","decl":{"start":{"line":635,"column":2},"end":{"line":635,"column":3}},"loc":{"start":{"line":635,"column":38},"end":{"line":643,"column":3}},"line":635},"29":{"name":"(anonymous_29)","decl":{"start":{"line":648,"column":2},"end":{"line":648,"column":3}},"loc":{"start":{"line":648,"column":27},"end":{"line":662,"column":3}},"line":648},"30":{"name":"(anonymous_30)","decl":{"start":{"line":653,"column":46},"end":{"line":653,"column":47}},"loc":{"start":{"line":653,"column":57},"end":{"line":653,"column":70}},"line":653},"31":{"name":"(anonymous_31)","decl":{"start":{"line":656,"column":25},"end":{"line":656,"column":26}},"loc":{"start":{"line":656,"column":30},"end":{"line":656,"column":47}},"line":656},"32":{"name":"(anonymous_32)","decl":{"start":{"line":656,"column":36},"end":{"line":656,"column":37}},"loc":{"start":{"line":656,"column":41},"end":{"line":656,"column":46}},"line":656},"33":{"name":"(anonymous_33)","decl":{"start":{"line":657,"column":28},"end":{"line":657,"column":29}},"loc":{"start":{"line":657,"column":39},"end":{"line":657,"column":52}},"line":657},"34":{"name":"(anonymous_34)","decl":{"start":{"line":668,"column":2},"end":{"line":668,"column":3}},"loc":{"start":{"line":668,"column":39},"end":{"line":681,"column":3}},"line":668},"35":{"name":"(anonymous_35)","decl":{"start":{"line":686,"column":2},"end":{"line":686,"column":3}},"loc":{"start":{"line":686,"column":29},"end":{"line":694,"column":3}},"line":686},"36":{"name":"(anonymous_36)","decl":{"start":{"line":689,"column":33},"end":{"line":689,"column":34}},"loc":{"start":{"line":689,"column":44},"end":{"line":689,"column":57}},"line":689},"37":{"name":"(anonymous_37)","decl":{"start":{"line":690,"column":23},"end":{"line":690,"column":24}},"loc":{"start":{"line":690,"column":28},"end":{"line":690,"column":45}},"line":690},"38":{"name":"(anonymous_38)","decl":{"start":{"line":690,"column":34},"end":{"line":690,"column":35}},"loc":{"start":{"line":690,"column":39},"end":{"line":690,"column":44}},"line":690},"39":{"name":"(anonymous_39)","decl":{"start":{"line":691,"column":26},"end":{"line":691,"column":27}},"loc":{"start":{"line":691,"column":37},"end":{"line":691,"column":50}},"line":691},"40":{"name":"(anonymous_40)","decl":{"start":{"line":699,"column":2},"end":{"line":699,"column":3}},"loc":{"start":{"line":699,"column":37},"end":{"line":703,"column":3}},"line":699},"41":{"name":"(anonymous_41)","decl":{"start":{"line":702,"column":20},"end":{"line":702,"column":21}},"loc":{"start":{"line":702,"column":25},"end":{"line":702,"column":42}},"line":702},"42":{"name":"(anonymous_42)","decl":{"start":{"line":702,"column":31},"end":{"line":702,"column":32}},"loc":{"start":{"line":702,"column":36},"end":{"line":702,"column":41}},"line":702},"43":{"name":"(anonymous_43)","decl":{"start":{"line":705,"column":2},"end":{"line":705,"column":3}},"loc":{"start":{"line":705,"column":36},"end":{"line":753,"column":3}},"line":705},"44":{"name":"(anonymous_44)","decl":{"start":{"line":760,"column":2},"end":{"line":760,"column":3}},"loc":{"start":{"line":760,"column":68},"end":{"line":767,"column":3}},"line":760},"45":{"name":"(anonymous_45)","decl":{"start":{"line":772,"column":2},"end":{"line":772,"column":3}},"loc":{"start":{"line":772,"column":46},"end":{"line":789,"column":3}},"line":772},"46":{"name":"(anonymous_46)","decl":{"start":{"line":781,"column":36},"end":{"line":781,"column":37}},"loc":{"start":{"line":781,"column":41},"end":{"line":781,"column":51}},"line":781}},"branchMap":{"0":{"loc":{"start":{"line":67,"column":4},"end":{"line":69,"column":5}},"type":"if","locations":[{"start":{"line":67,"column":4},"end":{"line":69,"column":5}},{"start":{"line":67,"column":4},"end":{"line":69,"column":5}}],"line":67},"1":{"loc":{"start":{"line":72,"column":4},"end":{"line":74,"column":5}},"type":"if","locations":[{"start":{"line":72,"column":4},"end":{"line":74,"column":5}},{"start":{"line":72,"column":4},"end":{"line":74,"column":5}}],"line":72},"2":{"loc":{"start":{"line":84,"column":4},"end":{"line":84,"column":49}},"type":"if","locations":[{"start":{"line":84,"column":4},"end":{"line":84,"column":49}},{"start":{"line":84,"column":4},"end":{"line":84,"column":49}}],"line":84},"3":{"loc":{"start":{"line":87,"column":4},"end":{"line":89,"column":5}},"type":"if","locations":[{"start":{"line":87,"column":4},"end":{"line":89,"column":5}},{"start":{"line":87,"column":4},"end":{"line":89,"column":5}}],"line":87},"4":{"loc":{"start":{"line":99,"column":4},"end":{"line":99,"column":38}},"type":"if","locations":[{"start":{"line":99,"column":4},"end":{"line":99,"column":38}},{"start":{"line":99,"column":4},"end":{"line":99,"column":38}}],"line":99},"5":{"loc":{"start":{"line":104,"column":8},"end":{"line":106,"column":9}},"type":"if","locations":[{"start":{"line":104,"column":8},"end":{"line":106,"column":9}},{"start":{"line":104,"column":8},"end":{"line":106,"column":9}}],"line":104},"6":{"loc":{"start":{"line":104,"column":12},"end":{"line":104,"column":44}},"type":"binary-expr","locations":[{"start":{"line":104,"column":12},"end":{"line":104,"column":26}},{"start":{"line":104,"column":30},"end":{"line":104,"column":44}}],"line":104},"7":{"loc":{"start":{"line":107,"column":8},"end":{"line":109,"column":9}},"type":"if","locations":[{"start":{"line":107,"column":8},"end":{"line":109,"column":9}},{"start":{"line":107,"column":8},"end":{"line":109,"column":9}}],"line":107},"8":{"loc":{"start":{"line":121,"column":55},"end":{"line":121,"column":71}},"type":"default-arg","locations":[{"start":{"line":121,"column":67},"end":{"line":121,"column":71}}],"line":121},"9":{"loc":{"start":{"line":122,"column":4},"end":{"line":122,"column":35}},"type":"if","locations":[{"start":{"line":122,"column":4},"end":{"line":122,"column":35}},{"start":{"line":122,"column":4},"end":{"line":122,"column":35}}],"line":122},"10":{"loc":{"start":{"line":123,"column":4},"end":{"line":127,"column":5}},"type":"if","locations":[{"start":{"line":123,"column":4},"end":{"line":127,"column":5}},{"start":{"line":123,"column":4},"end":{"line":127,"column":5}}],"line":123},"11":{"loc":{"start":{"line":136,"column":4},"end":{"line":142,"column":5}},"type":"if","locations":[{"start":{"line":136,"column":4},"end":{"line":142,"column":5}},{"start":{"line":136,"column":4},"end":{"line":142,"column":5}}],"line":136},"12":{"loc":{"start":{"line":144,"column":4},"end":{"line":146,"column":5}},"type":"if","locations":[{"start":{"line":144,"column":4},"end":{"line":146,"column":5}},{"start":{"line":144,"column":4},"end":{"line":146,"column":5}}],"line":144},"13":{"loc":{"start":{"line":151,"column":4},"end":{"line":158,"column":5}},"type":"if","locations":[{"start":{"line":151,"column":4},"end":{"line":158,"column":5}},{"start":{"line":151,"column":4},"end":{"line":158,"column":5}}],"line":151},"14":{"loc":{"start":{"line":153,"column":6},"end":{"line":155,"column":7}},"type":"if","locations":[{"start":{"line":153,"column":6},"end":{"line":155,"column":7}},{"start":{"line":153,"column":6},"end":{"line":155,"column":7}}],"line":153},"15":{"loc":{"start":{"line":153,"column":10},"end":{"line":153,"column":60}},"type":"binary-expr","locations":[{"start":{"line":153,"column":10},"end":{"line":153,"column":36}},{"start":{"line":153,"column":40},"end":{"line":153,"column":60}}],"line":153},"16":{"loc":{"start":{"line":168,"column":4},"end":{"line":168,"column":41}},"type":"if","locations":[{"start":{"line":168,"column":4},"end":{"line":168,"column":41}},{"start":{"line":168,"column":4},"end":{"line":168,"column":41}}],"line":168},"17":{"loc":{"start":{"line":179,"column":4},"end":{"line":179,"column":41}},"type":"if","locations":[{"start":{"line":179,"column":4},"end":{"line":179,"column":41}},{"start":{"line":179,"column":4},"end":{"line":179,"column":41}}],"line":179},"18":{"loc":{"start":{"line":182,"column":4},"end":{"line":184,"column":5}},"type":"if","locations":[{"start":{"line":182,"column":4},"end":{"line":184,"column":5}},{"start":{"line":182,"column":4},"end":{"line":184,"column":5}}],"line":182},"19":{"loc":{"start":{"line":204,"column":4},"end":{"line":206,"column":5}},"type":"if","locations":[{"start":{"line":204,"column":4},"end":{"line":206,"column":5}},{"start":{"line":204,"column":4},"end":{"line":206,"column":5}}],"line":204},"20":{"loc":{"start":{"line":209,"column":4},"end":{"line":211,"column":5}},"type":"if","locations":[{"start":{"line":209,"column":4},"end":{"line":211,"column":5}},{"start":{"line":209,"column":4},"end":{"line":211,"column":5}}],"line":209},"21":{"loc":{"start":{"line":213,"column":4},"end":{"line":224,"column":5}},"type":"if","locations":[{"start":{"line":213,"column":4},"end":{"line":224,"column":5}},{"start":{"line":213,"column":4},"end":{"line":224,"column":5}}],"line":213},"22":{"loc":{"start":{"line":213,"column":8},"end":{"line":213,"column":49}},"type":"binary-expr","locations":[{"start":{"line":213,"column":8},"end":{"line":213,"column":27}},{"start":{"line":213,"column":31},"end":{"line":213,"column":49}}],"line":213},"23":{"loc":{"start":{"line":214,"column":6},"end":{"line":217,"column":7}},"type":"if","locations":[{"start":{"line":214,"column":6},"end":{"line":217,"column":7}},{"start":{"line":214,"column":6},"end":{"line":217,"column":7}}],"line":214},"24":{"loc":{"start":{"line":218,"column":6},"end":{"line":221,"column":7}},"type":"if","locations":[{"start":{"line":218,"column":6},"end":{"line":221,"column":7}},{"start":{"line":218,"column":6},"end":{"line":221,"column":7}}],"line":218},"25":{"loc":{"start":{"line":225,"column":4},"end":{"line":232,"column":5}},"type":"if","locations":[{"start":{"line":225,"column":4},"end":{"line":232,"column":5}},{"start":{"line":225,"column":4},"end":{"line":232,"column":5}}],"line":225},"26":{"loc":{"start":{"line":226,"column":6},"end":{"line":229,"column":7}},"type":"if","locations":[{"start":{"line":226,"column":6},"end":{"line":229,"column":7}},{"start":{"line":226,"column":6},"end":{"line":229,"column":7}}],"line":226},"27":{"loc":{"start":{"line":233,"column":4},"end":{"line":240,"column":5}},"type":"if","locations":[{"start":{"line":233,"column":4},"end":{"line":240,"column":5}},{"start":{"line":233,"column":4},"end":{"line":240,"column":5}}],"line":233},"28":{"loc":{"start":{"line":234,"column":6},"end":{"line":237,"column":7}},"type":"if","locations":[{"start":{"line":234,"column":6},"end":{"line":237,"column":7}},{"start":{"line":234,"column":6},"end":{"line":237,"column":7}}],"line":234},"29":{"loc":{"start":{"line":260,"column":4},"end":{"line":264,"column":5}},"type":"if","locations":[{"start":{"line":260,"column":4},"end":{"line":264,"column":5}},{"start":{"line":260,"column":4},"end":{"line":264,"column":5}}],"line":260},"30":{"loc":{"start":{"line":278,"column":4},"end":{"line":282,"column":5}},"type":"if","locations":[{"start":{"line":278,"column":4},"end":{"line":282,"column":5}},{"start":{"line":278,"column":4},"end":{"line":282,"column":5}}],"line":278},"31":{"loc":{"start":{"line":295,"column":4},"end":{"line":299,"column":5}},"type":"if","locations":[{"start":{"line":295,"column":4},"end":{"line":299,"column":5}},{"start":{"line":295,"column":4},"end":{"line":299,"column":5}}],"line":295},"32":{"loc":{"start":{"line":304,"column":4},"end":{"line":308,"column":5}},"type":"if","locations":[{"start":{"line":304,"column":4},"end":{"line":308,"column":5}},{"start":{"line":304,"column":4},"end":{"line":308,"column":5}}],"line":304},"33":{"loc":{"start":{"line":304,"column":8},"end":{"line":304,"column":66}},"type":"binary-expr","locations":[{"start":{"line":304,"column":8},"end":{"line":304,"column":35}},{"start":{"line":304,"column":39},"end":{"line":304,"column":66}}],"line":304},"34":{"loc":{"start":{"line":318,"column":4},"end":{"line":334,"column":5}},"type":"if","locations":[{"start":{"line":318,"column":4},"end":{"line":334,"column":5}},{"start":{"line":318,"column":4},"end":{"line":334,"column":5}}],"line":318},"35":{"loc":{"start":{"line":318,"column":8},"end":{"line":318,"column":66}},"type":"binary-expr","locations":[{"start":{"line":318,"column":8},"end":{"line":318,"column":26}},{"start":{"line":318,"column":30},"end":{"line":318,"column":66}}],"line":318},"36":{"loc":{"start":{"line":323,"column":6},"end":{"line":325,"column":7}},"type":"if","locations":[{"start":{"line":323,"column":6},"end":{"line":325,"column":7}},{"start":{"line":323,"column":6},"end":{"line":325,"column":7}}],"line":323},"37":{"loc":{"start":{"line":330,"column":6},"end":{"line":332,"column":7}},"type":"if","locations":[{"start":{"line":330,"column":6},"end":{"line":332,"column":7}},{"start":{"line":330,"column":6},"end":{"line":332,"column":7}}],"line":330},"38":{"loc":{"start":{"line":336,"column":4},"end":{"line":348,"column":5}},"type":"if","locations":[{"start":{"line":336,"column":4},"end":{"line":348,"column":5}},{"start":{"line":336,"column":4},"end":{"line":348,"column":5}}],"line":336},"39":{"loc":{"start":{"line":336,"column":8},"end":{"line":336,"column":68}},"type":"binary-expr","locations":[{"start":{"line":336,"column":8},"end":{"line":336,"column":27}},{"start":{"line":336,"column":31},"end":{"line":336,"column":68}}],"line":336},"40":{"loc":{"start":{"line":341,"column":6},"end":{"line":343,"column":7}},"type":"if","locations":[{"start":{"line":341,"column":6},"end":{"line":343,"column":7}},{"start":{"line":341,"column":6},"end":{"line":343,"column":7}}],"line":341},"41":{"loc":{"start":{"line":352,"column":4},"end":{"line":368,"column":5}},"type":"if","locations":[{"start":{"line":352,"column":4},"end":{"line":368,"column":5}},{"start":{"line":352,"column":4},"end":{"line":368,"column":5}}],"line":352},"42":{"loc":{"start":{"line":387,"column":4},"end":{"line":391,"column":5}},"type":"if","locations":[{"start":{"line":387,"column":4},"end":{"line":391,"column":5}},{"start":{"line":387,"column":4},"end":{"line":391,"column":5}}],"line":387},"43":{"loc":{"start":{"line":393,"column":4},"end":{"line":395,"column":5}},"type":"if","locations":[{"start":{"line":393,"column":4},"end":{"line":395,"column":5}},{"start":{"line":393,"column":4},"end":{"line":395,"column":5}}],"line":393},"44":{"loc":{"start":{"line":408,"column":4},"end":{"line":414,"column":5}},"type":"if","locations":[{"start":{"line":408,"column":4},"end":{"line":414,"column":5}},{"start":{"line":408,"column":4},"end":{"line":414,"column":5}}],"line":408},"45":{"loc":{"start":{"line":420,"column":4},"end":{"line":424,"column":5}},"type":"if","locations":[{"start":{"line":420,"column":4},"end":{"line":424,"column":5}},{"start":{"line":420,"column":4},"end":{"line":424,"column":5}}],"line":420},"46":{"loc":{"start":{"line":435,"column":6},"end":{"line":437,"column":7}},"type":"if","locations":[{"start":{"line":435,"column":6},"end":{"line":437,"column":7}},{"start":{"line":435,"column":6},"end":{"line":437,"column":7}}],"line":435},"47":{"loc":{"start":{"line":450,"column":6},"end":{"line":452,"column":7}},"type":"if","locations":[{"start":{"line":450,"column":6},"end":{"line":452,"column":7}},{"start":{"line":450,"column":6},"end":{"line":452,"column":7}}],"line":450},"48":{"loc":{"start":{"line":466,"column":6},"end":{"line":468,"column":7}},"type":"if","locations":[{"start":{"line":466,"column":6},"end":{"line":468,"column":7}},{"start":{"line":466,"column":6},"end":{"line":468,"column":7}}],"line":466},"49":{"loc":{"start":{"line":495,"column":8},"end":{"line":497,"column":9}},"type":"if","locations":[{"start":{"line":495,"column":8},"end":{"line":497,"column":9}},{"start":{"line":495,"column":8},"end":{"line":497,"column":9}}],"line":495},"50":{"loc":{"start":{"line":515,"column":8},"end":{"line":517,"column":9}},"type":"if","locations":[{"start":{"line":515,"column":8},"end":{"line":517,"column":9}},{"start":{"line":515,"column":8},"end":{"line":517,"column":9}}],"line":515},"51":{"loc":{"start":{"line":557,"column":6},"end":{"line":559,"column":7}},"type":"if","locations":[{"start":{"line":557,"column":6},"end":{"line":559,"column":7}},{"start":{"line":557,"column":6},"end":{"line":559,"column":7}}],"line":557},"52":{"loc":{"start":{"line":574,"column":6},"end":{"line":576,"column":7}},"type":"if","locations":[{"start":{"line":574,"column":6},"end":{"line":576,"column":7}},{"start":{"line":574,"column":6},"end":{"line":576,"column":7}}],"line":574},"53":{"loc":{"start":{"line":590,"column":6},"end":{"line":592,"column":7}},"type":"if","locations":[{"start":{"line":590,"column":6},"end":{"line":592,"column":7}},{"start":{"line":590,"column":6},"end":{"line":592,"column":7}}],"line":590},"54":{"loc":{"start":{"line":609,"column":6},"end":{"line":611,"column":7}},"type":"if","locations":[{"start":{"line":609,"column":6},"end":{"line":611,"column":7}},{"start":{"line":609,"column":6},"end":{"line":611,"column":7}}],"line":609},"55":{"loc":{"start":{"line":649,"column":4},"end":{"line":651,"column":5}},"type":"if","locations":[{"start":{"line":649,"column":4},"end":{"line":651,"column":5}},{"start":{"line":649,"column":4},"end":{"line":651,"column":5}}],"line":649},"56":{"loc":{"start":{"line":672,"column":6},"end":{"line":674,"column":7}},"type":"if","locations":[{"start":{"line":672,"column":6},"end":{"line":674,"column":7}},{"start":{"line":672,"column":6},"end":{"line":674,"column":7}}],"line":672},"57":{"loc":{"start":{"line":706,"column":4},"end":{"line":708,"column":5}},"type":"if","locations":[{"start":{"line":706,"column":4},"end":{"line":708,"column":5}},{"start":{"line":706,"column":4},"end":{"line":708,"column":5}}],"line":706},"58":{"loc":{"start":{"line":739,"column":10},"end":{"line":741,"column":11}},"type":"if","locations":[{"start":{"line":739,"column":10},"end":{"line":741,"column":11}},{"start":{"line":739,"column":10},"end":{"line":741,"column":11}}],"line":739},"59":{"loc":{"start":{"line":780,"column":8},"end":{"line":782,"column":9}},"type":"if","locations":[{"start":{"line":780,"column":8},"end":{"line":782,"column":9}},{"start":{"line":780,"column":8},"end":{"line":782,"column":9}}],"line":780}},"s":{"0":15,"1":15,"2":15,"3":15,"4":10,"5":10,"6":3,"7":1,"8":2,"9":2,"10":2,"11":1,"12":1,"13":1,"14":3,"15":0,"16":3,"17":3,"18":3,"19":0,"20":3,"21":1,"22":0,"23":1,"24":1,"25":1,"26":2,"27":4,"28":4,"29":4,"30":1,"31":1,"32":0,"33":4,"34":0,"35":4,"36":2,"37":2,"38":20103,"39":23,"40":23,"41":23,"42":23,"43":23,"44":20080,"45":20080,"46":2,"47":20078,"48":20078,"49":20078,"50":20078,"51":20078,"52":5245,"53":5245,"54":35,"55":5245,"56":5245,"57":14833,"58":14833,"59":5,"60":0,"61":5,"62":5,"63":5,"64":28,"65":0,"66":28,"67":28,"68":28,"69":0,"70":28,"71":28,"72":28,"73":28,"74":28,"75":10,"76":28,"77":26,"78":2,"79":2,"80":1,"81":1,"82":1,"83":1,"84":1,"85":0,"86":0,"87":0,"88":0,"89":0,"90":0,"91":0,"92":0,"93":0,"94":0,"95":0,"96":0,"97":0,"98":0,"99":1,"100":1,"101":1,"102":1,"103":1,"104":0,"105":0,"106":1,"107":1,"108":1,"109":1,"110":1,"111":0,"112":0,"113":1,"114":1,"115":1,"116":0,"117":0,"118":0,"119":0,"120":0,"121":0,"122":0,"123":0,"124":0,"125":0,"126":0,"127":20773,"128":7703,"129":7703,"130":7703,"131":7703,"132":7703,"133":2303,"134":7703,"135":7703,"136":7703,"137":7703,"138":30,"139":7703,"140":13070,"141":5186,"142":5186,"143":5186,"144":5186,"145":5186,"146":1433,"147":5186,"148":5186,"149":5186,"150":7884,"151":7884,"152":62,"153":62,"154":62,"155":62,"156":62,"157":62,"158":62,"159":62,"160":62,"161":7822,"162":7822,"163":7822,"164":7822,"165":7822,"166":7822,"167":7822,"168":7822,"169":7822,"170":7822,"171":7822,"172":28,"173":28,"174":28,"175":7822,"176":5940,"177":7884,"178":7884,"179":7884,"180":7884,"181":7884,"182":7884,"183":7559,"184":7559,"185":7559,"186":325,"187":7884,"188":7884,"189":7884,"190":7884,"191":7884,"192":2204,"193":6612,"194":7884,"195":20119,"196":20119,"197":111488,"198":20119,"199":91369,"200":91369,"201":91369,"202":2,"203":2,"204":4,"205":2,"206":2,"207":2,"208":0,"209":2,"210":2,"211":4,"212":2,"213":2,"214":2,"215":0,"216":27900,"217":2,"218":2,"219":2,"220":4,"221":12,"222":12,"223":1,"224":3,"225":2,"226":2,"227":2,"228":3,"229":3,"230":10,"231":10,"232":10,"233":1,"234":9,"235":2,"236":20101,"237":7946,"238":91371,"239":91371,"240":91371,"241":202675,"242":91154,"243":217,"244":20078,"245":20078,"246":20078,"247":46638,"248":19922,"249":156,"250":53641,"251":53641,"252":53641,"253":158987,"254":158987,"255":33561,"256":20080,"257":12994,"258":12994,"259":17851,"260":17851,"261":17851,"262":17851,"263":12901,"264":4950,"265":12994,"266":7969,"267":22,"268":22,"269":20092,"270":0,"271":2,"272":1,"273":1,"274":1,"275":2,"276":1,"277":1,"278":2,"279":3,"280":8,"281":2,"282":3,"283":2,"284":2,"285":1,"286":1,"287":1,"288":1,"289":3,"290":1,"291":2,"292":2,"293":2,"294":2,"295":0,"296":1,"297":1,"298":1,"299":2,"300":1,"301":2,"302":6,"303":1,"304":2,"305":1,"306":1,"307":8,"308":8,"309":8,"310":19,"311":55,"312":2,"313":1,"314":1,"315":1,"316":1,"317":2,"318":1,"319":1,"320":1,"321":2,"322":2,"323":3,"324":3,"325":8,"326":8,"327":2,"328":8,"329":3,"330":2,"331":1,"332":3,"333":3,"334":3,"335":5,"336":3,"337":44,"338":44,"339":44,"340":206,"341":206,"342":206,"343":23889,"344":23889,"345":6793,"346":23845,"347":206,"348":206,"349":206,"350":44},"f":{"0":15,"1":10,"2":3,"3":3,"4":1,"5":4,"6":20103,"7":5,"8":28,"9":28,"10":1,"11":1,"12":0,"13":20773,"14":7884,"15":20119,"16":2,"17":2,"18":27900,"19":2,"20":2,"21":20101,"22":7946,"23":91371,"24":20078,"25":53641,"26":12994,"27":7969,"28":22,"29":2,"30":2,"31":3,"32":8,"33":3,"34":1,"35":1,"36":2,"37":2,"38":6,"39":2,"40":8,"41":19,"42":55,"43":2,"44":3,"45":44,"46":23845},"b":{"0":[1,2],"1":[1,1],"2":[0,3],"3":[0,3],"4":[0,1],"5":[4,0],"6":[4,4],"7":[1,3],"8":[2],"9":[0,4],"10":[2,2],"11":[23,20080],"12":[2,20078],"13":[5245,14833],"14":[35,5210],"15":[5245,83],"16":[0,5],"17":[0,28],"18":[0,28],"19":[10,18],"20":[26,2],"21":[2,0],"22":[2,2],"23":[1,1],"24":[1,0],"25":[0,0],"26":[0,0],"27":[0,0],"28":[0,0],"29":[0,1],"30":[0,1],"31":[0,0],"32":[0,0],"33":[0,0],"34":[7703,13070],"35":[20773,20387],"36":[2303,5400],"37":[30,7673],"38":[5186,7884],"39":[13070,12745],"40":[1433,3753],"41":[62,7822],"42":[28,7794],"43":[5940,1882],"44":[7559,325],"45":[2204,5680],"46":[20119,91369],"47":[2,2],"48":[2,2],"49":[1,11],"50":[1,9],"51":[91154,111521],"52":[19922,26716],"53":[33561,125426],"54":[12901,4950],"55":[1,1],"56":[1,2],"57":[1,1],"58":[2,6],"59":[6793,17096]},"_coverageSchema":"43e27e138ebf9cfc5966b082cf9a028302ed4184","hash":"5a908217334e66c7d5b9d9ce3c2a68cdbe894dd5"}
,"/Users/hukun/github/algorithms/src/math/add.ts": {"path":"/Users/hukun/github/algorithms/src/math/add.ts","statementMap":{"0":{"start":{"line":7,"column":15},"end":{"line":10,"column":13}},"1":{"start":{"line":8,"column":15},"end":{"line":8,"column":64}},"2":{"start":{"line":11,"column":21},"end":{"line":18,"column":4}},"3":{"start":{"line":12,"column":4},"end":{"line":12,"column":27}},"4":{"start":{"line":13,"column":14},"end":{"line":13,"column":32}},"5":{"start":{"line":14,"column":4},"end":{"line":17,"column":17}},"6":{"start":{"line":19,"column":38},"end":{"line":19,"column":40}},"7":{"start":{"line":20,"column":19},"end":{"line":24,"column":6}},"8":{"start":{"line":21,"column":4},"end":{"line":24,"column":6}},"9":{"start":{"line":22,"column":16},"end":{"line":22,"column":28}},"10":{"start":{"line":23,"column":6},"end":{"line":23,"column":54}},"11":{"start":{"line":25,"column":2},"end":{"line":25,"column":30}},"12":{"start":{"line":26,"column":17},"end":{"line":26,"column":19}},"13":{"start":{"line":27,"column":2},"end":{"line":37,"column":3}},"14":{"start":{"line":28,"column":28},"end":{"line":28,"column":41}},"15":{"start":{"line":30,"column":6},"end":{"line":30,"column":78}},"16":{"start":{"line":30,"column":30},"end":{"line":30,"column":64}},"17":{"start":{"line":31,"column":22},"end":{"line":31,"column":35}},"18":{"start":{"line":32,"column":4},"end":{"line":34,"column":5}},"19":{"start":{"line":32,"column":28},"end":{"line":32,"column":55}},"20":{"start":{"line":33,"column":6},"end":{"line":33,"column":12}},"21":{"start":{"line":35,"column":4},"end":{"line":35,"column":27}},"22":{"start":{"line":36,"column":4},"end":{"line":36,"column":48}},"23":{"start":{"line":38,"column":2},"end":{"line":38,"column":35}}},"fnMap":{"0":{"name":"decimalBigNumberAdd","decl":{"start":{"line":6,"column":16},"end":{"line":6,"column":35}},"loc":{"start":{"line":6,"column":74},"end":{"line":39,"column":1}},"line":6},"1":{"name":"(anonymous_1)","decl":{"start":{"line":8,"column":4},"end":{"line":8,"column":5}},"loc":{"start":{"line":8,"column":15},"end":{"line":8,"column":64}},"line":8},"2":{"name":"(anonymous_2)","decl":{"start":{"line":11,"column":30},"end":{"line":11,"column":31}},"loc":{"start":{"line":11,"column":38},"end":{"line":18,"column":3}},"line":11},"3":{"name":"(anonymous_3)","decl":{"start":{"line":20,"column":19},"end":{"line":20,"column":20}},"loc":{"start":{"line":21,"column":4},"end":{"line":24,"column":6}},"line":21},"4":{"name":"(anonymous_4)","decl":{"start":{"line":21,"column":19},"end":{"line":21,"column":20}},"loc":{"start":{"line":21,"column":27},"end":{"line":24,"column":5}},"line":21},"5":{"name":"(anonymous_5)","decl":{"start":{"line":30,"column":19},"end":{"line":30,"column":20}},"loc":{"start":{"line":30,"column":30},"end":{"line":30,"column":64}},"line":30},"6":{"name":"(anonymous_6)","decl":{"start":{"line":32,"column":20},"end":{"line":32,"column":21}},"loc":{"start":{"line":32,"column":28},"end":{"line":32,"column":55}},"line":32}},"branchMap":{"0":{"loc":{"start":{"line":8,"column":15},"end":{"line":8,"column":64}},"type":"cond-expr","locations":[{"start":{"line":8,"column":41},"end":{"line":8,"column":60}},{"start":{"line":8,"column":63},"end":{"line":8,"column":64}}],"line":8},"1":{"loc":{"start":{"line":23,"column":13},"end":{"line":23,"column":53}},"type":"cond-expr","locations":[{"start":{"line":23,"column":40},"end":{"line":23,"column":49}},{"start":{"line":23,"column":52},"end":{"line":23,"column":53}}],"line":23},"2":{"loc":{"start":{"line":30,"column":35},"end":{"line":30,"column":64}},"type":"cond-expr","locations":[{"start":{"line":30,"column":59},"end":{"line":30,"column":60}},{"start":{"line":30,"column":63},"end":{"line":30,"column":64}}],"line":30},"3":{"loc":{"start":{"line":32,"column":4},"end":{"line":34,"column":5}},"type":"if","locations":[{"start":{"line":32,"column":4},"end":{"line":34,"column":5}},{"start":{"line":32,"column":4},"end":{"line":34,"column":5}}],"line":32},"4":{"loc":{"start":{"line":32,"column":8},"end":{"line":32,"column":72}},"type":"binary-expr","locations":[{"start":{"line":32,"column":8},"end":{"line":32,"column":56}},{"start":{"line":32,"column":60},"end":{"line":32,"column":72}}],"line":32}},"s":{"0":5,"1":10,"2":5,"3":10,"4":10,"5":10,"6":5,"7":5,"8":70,"9":140,"10":140,"11":5,"12":5,"13":5,"14":70,"15":70,"16":140,"17":70,"18":70,"19":75,"20":5,"21":65,"22":65,"23":5},"f":{"0":5,"1":10,"2":10,"3":70,"4":140,"5":140,"6":75},"b":{"0":[7,3],"1":[130,10],"2":[130,10],"3":[5,65],"4":[70,5]},"_coverageSchema":"43e27e138ebf9cfc5966b082cf9a028302ed4184","hash":"f26f08dec7a819337fd29ac75ccee89699d3a40d"}
,"/Users/hukun/github/algorithms/src/shuffle/FisherYates/fisherYates.ts": {"path":"/Users/hukun/github/algorithms/src/shuffle/FisherYates/fisherYates.ts","statementMap":{"0":{"start":{"line":8,"column":15},"end":{"line":8,"column":22}},"1":{"start":{"line":9,"column":2},"end":{"line":9,"column":20}},"2":{"start":{"line":10,"column":2},"end":{"line":10,"column":17}},"3":{"start":{"line":18,"column":23},"end":{"line":25,"column":1}},"4":{"start":{"line":19,"column":12},"end":{"line":19,"column":27}},"5":{"start":{"line":20,"column":2},"end":{"line":23,"column":3}},"6":{"start":{"line":21,"column":4},"end":{"line":21,"column":61}},"7":{"start":{"line":22,"column":4},"end":{"line":22,"column":10}},"8":{"start":{"line":24,"column":2},"end":{"line":24,"column":14}}},"fnMap":{"0":{"name":"swap","decl":{"start":{"line":7,"column":9},"end":{"line":7,"column":13}},"loc":{"start":{"line":7,"column":56},"end":{"line":11,"column":1}},"line":7},"1":{"name":"(anonymous_1)","decl":{"start":{"line":18,"column":23},"end":{"line":18,"column":24}},"loc":{"start":{"line":18,"column":53},"end":{"line":25,"column":1}},"line":18}},"branchMap":{},"s":{"0":31400,"1":31400,"2":31400,"3":8,"4":22,"5":22,"6":31400,"7":31400,"8":22},"f":{"0":31400,"1":22},"b":{},"_coverageSchema":"43e27e138ebf9cfc5966b082cf9a028302ed4184","hash":"44e370277fc17c96507c30390ace11627c1928cc"}
,"/Users/hukun/github/algorithms/src/snowflake/snowflake.ts": {"path":"/Users/hukun/github/algorithms/src/snowflake/snowflake.ts","statementMap":{"0":{"start":{"line":7,"column":14},"end":{"line":7,"column":28}},"1":{"start":{"line":9,"column":13},"end":{"line":9,"column":16}},"2":{"start":{"line":11,"column":13},"end":{"line":11,"column":16}},"3":{"start":{"line":13,"column":17},"end":{"line":13,"column":20}},"4":{"start":{"line":15,"column":18},"end":{"line":15,"column":33}},"5":{"start":{"line":17,"column":18},"end":{"line":17,"column":26}},"6":{"start":{"line":19,"column":16},"end":{"line":19,"column":35}},"7":{"start":{"line":21,"column":20},"end":{"line":21,"column":43}},"8":{"start":{"line":32,"column":4},"end":{"line":32,"column":66}},"9":{"start":{"line":33,"column":4},"end":{"line":35,"column":5}},"10":{"start":{"line":34,"column":6},"end":{"line":34,"column":58}},"11":{"start":{"line":36,"column":4},"end":{"line":36,"column":46}},"12":{"start":{"line":37,"column":4},"end":{"line":37,"column":49}},"13":{"start":{"line":38,"column":4},"end":{"line":38,"column":25}},"14":{"start":{"line":42,"column":14},"end":{"line":42,"column":42}},"15":{"start":{"line":43,"column":4},"end":{"line":52,"column":5}},"16":{"start":{"line":44,"column":6},"end":{"line":44,"column":61}},"17":{"start":{"line":45,"column":6},"end":{"line":49,"column":7}},"18":{"start":{"line":46,"column":8},"end":{"line":48,"column":9}},"19":{"start":{"line":47,"column":10},"end":{"line":47,"column":45}},"20":{"start":{"line":51,"column":6},"end":{"line":51,"column":27}},"21":{"start":{"line":54,"column":4},"end":{"line":56,"column":5}},"22":{"start":{"line":55,"column":6},"end":{"line":55,"column":40}},"23":{"start":{"line":57,"column":4},"end":{"line":57,"column":24}},"24":{"start":{"line":58,"column":4},"end":{"line":58,"column":80}},"25":{"start":{"line":63,"column":18},"end":{"line":63,"column":33}},"26":{"start":{"line":66,"column":4},"end":{"line":66,"column":17}},"27":{"start":{"line":74,"column":4},"end":{"line":74,"column":54}},"28":{"start":{"line":82,"column":4},"end":{"line":82,"column":37}},"29":{"start":{"line":90,"column":4},"end":{"line":90,"column":28}}},"fnMap":{"0":{"name":"(anonymous_0)","decl":{"start":{"line":31,"column":2},"end":{"line":31,"column":3}},"loc":{"start":{"line":31,"column":27},"end":{"line":39,"column":3}},"line":31},"1":{"name":"(anonymous_1)","decl":{"start":{"line":41,"column":2},"end":{"line":41,"column":3}},"loc":{"start":{"line":41,"column":20},"end":{"line":59,"column":3}},"line":41},"2":{"name":"(anonymous_2)","decl":{"start":{"line":65,"column":2},"end":{"line":65,"column":3}},"loc":{"start":{"line":65,"column":28},"end":{"line":67,"column":3}},"line":65},"3":{"name":"(anonymous_3)","decl":{"start":{"line":73,"column":2},"end":{"line":73,"column":3}},"loc":{"start":{"line":73,"column":41},"end":{"line":75,"column":3}},"line":73},"4":{"name":"(anonymous_4)","decl":{"start":{"line":81,"column":2},"end":{"line":81,"column":3}},"loc":{"start":{"line":81,"column":39},"end":{"line":83,"column":3}},"line":81},"5":{"name":"(anonymous_5)","decl":{"start":{"line":89,"column":2},"end":{"line":89,"column":3}},"loc":{"start":{"line":89,"column":43},"end":{"line":91,"column":3}},"line":89}},"branchMap":{"0":{"loc":{"start":{"line":31,"column":14},"end":{"line":31,"column":25}},"type":"default-arg","locations":[{"start":{"line":31,"column":23},"end":{"line":31,"column":25}}],"line":31},"1":{"loc":{"start":{"line":32,"column":13},"end":{"line":32,"column":65}},"type":"cond-expr","locations":[{"start":{"line":32,"column":42},"end":{"line":32,"column":48}},{"start":{"line":32,"column":51},"end":{"line":32,"column":65}}],"line":32},"2":{"loc":{"start":{"line":33,"column":4},"end":{"line":35,"column":5}},"type":"if","locations":[{"start":{"line":33,"column":4},"end":{"line":35,"column":5}},{"start":{"line":33,"column":4},"end":{"line":35,"column":5}}],"line":33},"3":{"loc":{"start":{"line":43,"column":4},"end":{"line":52,"column":5}},"type":"if","locations":[{"start":{"line":43,"column":4},"end":{"line":52,"column":5}},{"start":{"line":43,"column":4},"end":{"line":52,"column":5}}],"line":43},"4":{"loc":{"start":{"line":45,"column":6},"end":{"line":49,"column":7}},"type":"if","locations":[{"start":{"line":45,"column":6},"end":{"line":49,"column":7}},{"start":{"line":45,"column":6},"end":{"line":49,"column":7}}],"line":45},"5":{"loc":{"start":{"line":54,"column":4},"end":{"line":56,"column":5}},"type":"if","locations":[{"start":{"line":54,"column":4},"end":{"line":56,"column":5}},{"start":{"line":54,"column":4},"end":{"line":56,"column":5}}],"line":54}},"s":{"0":1,"1":1,"2":1,"3":1,"4":1,"5":1,"6":1,"7":1,"8":4,"9":4,"10":1,"11":3,"12":3,"13":3,"14":3,"15":3,"16":3,"17":3,"18":0,"19":0,"20":0,"21":3,"22":0,"23":3,"24":3,"25":1,"26":1,"27":1,"28":1,"29":1},"f":{"0":4,"1":3,"2":1,"3":1,"4":1,"5":1},"b":{"0":[0],"1":[4,0],"2":[1,3],"3":[3,0],"4":[0,3],"5":[0,3]},"_coverageSchema":"43e27e138ebf9cfc5966b082cf9a028302ed4184","hash":"4a199714e6afd4801b1dcdb8042e56b06bef1f2d"}
,"/Users/hukun/github/algorithms/src/sort/check.ts": {"path":"/Users/hukun/github/algorithms/src/sort/check.ts","statementMap":{"0":{"start":{"line":8,"column":12},"end":{"line":8,"column":24}},"1":{"start":{"line":9,"column":2},"end":{"line":11,"column":3}},"2":{"start":{"line":10,"column":4},"end":{"line":10,"column":16}},"3":{"start":{"line":12,"column":10},"end":{"line":12,"column":11}},"4":{"start":{"line":13,"column":10},"end":{"line":13,"column":11}},"5":{"start":{"line":14,"column":2},"end":{"line":25,"column":3}},"6":{"start":{"line":15,"column":4},"end":{"line":23,"column":5}},"7":{"start":{"line":16,"column":6},"end":{"line":18,"column":7}},"8":{"start":{"line":17,"column":8},"end":{"line":17,"column":21}},"9":{"start":{"line":20,"column":6},"end":{"line":22,"column":7}},"10":{"start":{"line":21,"column":8},"end":{"line":21,"column":21}},"11":{"start":{"line":24,"column":4},"end":{"line":24,"column":8}},"12":{"start":{"line":26,"column":2},"end":{"line":26,"column":14}}},"fnMap":{"0":{"name":"isOrderly","decl":{"start":{"line":7,"column":16},"end":{"line":7,"column":25}},"loc":{"start":{"line":7,"column":66},"end":{"line":27,"column":1}},"line":7}},"branchMap":{"0":{"loc":{"start":{"line":9,"column":2},"end":{"line":11,"column":3}},"type":"if","locations":[{"start":{"line":9,"column":2},"end":{"line":11,"column":3}},{"start":{"line":9,"column":2},"end":{"line":11,"column":3}}],"line":9},"1":{"loc":{"start":{"line":15,"column":4},"end":{"line":23,"column":5}},"type":"if","locations":[{"start":{"line":15,"column":4},"end":{"line":23,"column":5}},{"start":{"line":15,"column":4},"end":{"line":23,"column":5}}],"line":15},"2":{"loc":{"start":{"line":16,"column":6},"end":{"line":18,"column":7}},"type":"if","locations":[{"start":{"line":16,"column":6},"end":{"line":18,"column":7}},{"start":{"line":16,"column":6},"end":{"line":18,"column":7}}],"line":16},"3":{"loc":{"start":{"line":20,"column":6},"end":{"line":22,"column":7}},"type":"if","locations":[{"start":{"line":20,"column":6},"end":{"line":22,"column":7}},{"start":{"line":20,"column":6},"end":{"line":22,"column":7}}],"line":20}},"s":{"0":224,"1":224,"2":2,"3":222,"4":222,"5":222,"6":85186,"7":85176,"8":1,"9":10,"10":1,"11":85184,"12":220},"f":{"0":224},"b":{"0":[2,222],"1":[85176,10],"2":[1,85175],"3":[1,9]},"_coverageSchema":"43e27e138ebf9cfc5966b082cf9a028302ed4184","hash":"2944a1b97743e85059ce500c8a915dd46b30996d"}
,"/Users/hukun/github/algorithms/src/sort/sort_data.ts": {"path":"/Users/hukun/github/algorithms/src/sort/sort_data.ts","statementMap":{"0":{"start":{"line":8,"column":30},"end":{"line":15,"column":1}},"1":{"start":{"line":9,"column":24},"end":{"line":9,"column":26}},"2":{"start":{"line":10,"column":2},"end":{"line":12,"column":3}},"3":{"start":{"line":10,"column":15},"end":{"line":10,"column":16}},"4":{"start":{"line":11,"column":4},"end":{"line":11,"column":16}},"5":{"start":{"line":13,"column":2},"end":{"line":13,"column":15}},"6":{"start":{"line":14,"column":2},"end":{"line":14,"column":13}}},"fnMap":{"0":{"name":"(anonymous_0)","decl":{"start":{"line":8,"column":30},"end":{"line":8,"column":31}},"loc":{"start":{"line":8,"column":57},"end":{"line":15,"column":1}},"line":8}},"branchMap":{},"s":{"0":8,"1":22,"2":22,"3":22,"4":31400,"5":22,"6":22},"f":{"0":22},"b":{},"_coverageSchema":"43e27e138ebf9cfc5966b082cf9a028302ed4184","hash":"d6faa04a98f579ec84ca754cf1604bcf15e8e529"}
,"/Users/hukun/github/algorithms/src/sort/bubbingSort/bubblingSort.ts": {"path":"/Users/hukun/github/algorithms/src/sort/bubbingSort/bubblingSort.ts","statementMap":{"0":{"start":{"line":6,"column":28},"end":{"line":18,"column":1}},"1":{"start":{"line":7,"column":14},"end":{"line":7,"column":25}},"2":{"start":{"line":8,"column":2},"end":{"line":16,"column":3}},"3":{"start":{"line":8,"column":15},"end":{"line":8,"column":16}},"4":{"start":{"line":9,"column":4},"end":{"line":15,"column":5}},"5":{"start":{"line":9,"column":17},"end":{"line":9,"column":22}},"6":{"start":{"line":10,"column":6},"end":{"line":14,"column":7}},"7":{"start":{"line":11,"column":21},"end":{"line":11,"column":28}},"8":{"start":{"line":12,"column":8},"end":{"line":12,"column":26}},"9":{"start":{"line":13,"column":8},"end":{"line":13,"column":23}},"10":{"start":{"line":17,"column":2},"end":{"line":17,"column":14}}},"fnMap":{"0":{"name":"(anonymous_0)","decl":{"start":{"line":6,"column":28},"end":{"line":6,"column":29}},"loc":{"start":{"line":6,"column":58},"end":{"line":18,"column":1}},"line":6}},"branchMap":{"0":{"loc":{"start":{"line":10,"column":6},"end":{"line":14,"column":7}},"type":"if","locations":[{"start":{"line":10,"column":6},"end":{"line":14,"column":7}},{"start":{"line":10,"column":6},"end":{"line":14,"column":7}}],"line":10}},"s":{"0":1,"1":4,"2":4,"3":4,"4":229,"5":229,"6":20026,"7":10451,"8":10451,"9":10451,"10":4},"f":{"0":4},"b":{"0":[10451,9575]},"_coverageSchema":"43e27e138ebf9cfc5966b082cf9a028302ed4184","hash":"ea677fabf6c50450c4e6f36b3a5450d640a82e90"}
,"/Users/hukun/github/algorithms/src/sort/heapSort/heapSort.ts": {"path":"/Users/hukun/github/algorithms/src/sort/heapSort/heapSort.ts","statementMap":{"0":{"start":{"line":10,"column":15},"end":{"line":10,"column":22}},"1":{"start":{"line":11,"column":2},"end":{"line":11,"column":20}},"2":{"start":{"line":12,"column":2},"end":{"line":12,"column":17}},"3":{"start":{"line":22,"column":15},"end":{"line":22,"column":22}},"4":{"start":{"line":23,"column":2},"end":{"line":33,"column":3}},"5":{"start":{"line":23,"column":15},"end":{"line":23,"column":24}},"6":{"start":{"line":24,"column":4},"end":{"line":26,"column":5}},"7":{"start":{"line":25,"column":6},"end":{"line":25,"column":10}},"8":{"start":{"line":27,"column":4},"end":{"line":32,"column":5}},"9":{"start":{"line":28,"column":6},"end":{"line":28,"column":24}},"10":{"start":{"line":29,"column":6},"end":{"line":29,"column":12}},"11":{"start":{"line":31,"column":6},"end":{"line":31,"column":12}},"12":{"start":{"line":34,"column":2},"end":{"line":34,"column":17}},"13":{"start":{"line":42,"column":14},"end":{"line":42,"column":25}},"14":{"start":{"line":45,"column":2},"end":{"line":47,"column":3}},"15":{"start":{"line":45,"column":15},"end":{"line":45,"column":34}},"16":{"start":{"line":46,"column":4},"end":{"line":46,"column":26}},"17":{"start":{"line":50,"column":2},"end":{"line":54,"column":3}},"18":{"start":{"line":50,"column":15},"end":{"line":50,"column":22}},"19":{"start":{"line":52,"column":4},"end":{"line":52,"column":21}},"20":{"start":{"line":53,"column":4},"end":{"line":53,"column":24}},"21":{"start":{"line":55,"column":2},"end":{"line":55,"column":14}}},"fnMap":{"0":{"name":"swap","decl":{"start":{"line":9,"column":9},"end":{"line":9,"column":13}},"loc":{"start":{"line":9,"column":58},"end":{"line":13,"column":1}},"line":9},"1":{"name":"heapIfy","decl":{"start":{"line":21,"column":9},"end":{"line":21,"column":16}},"loc":{"start":{"line":21,"column":66},"end":{"line":35,"column":1}},"line":21},"2":{"name":"heapSort","decl":{"start":{"line":41,"column":16},"end":{"line":41,"column":24}},"loc":{"start":{"line":41,"column":51},"end":{"line":56,"column":1}},"line":41}},"branchMap":{"0":{"loc":{"start":{"line":24,"column":4},"end":{"line":26,"column":5}},"type":"if","locations":[{"start":{"line":24,"column":4},"end":{"line":26,"column":5}},{"start":{"line":24,"column":4},"end":{"line":26,"column":5}}],"line":24},"1":{"loc":{"start":{"line":24,"column":8},"end":{"line":24,"column":47}},"type":"binary-expr","locations":[{"start":{"line":24,"column":8},"end":{"line":24,"column":22}},{"start":{"line":24,"column":26},"end":{"line":24,"column":47}}],"line":24},"2":{"loc":{"start":{"line":27,"column":4},"end":{"line":32,"column":5}},"type":"if","locations":[{"start":{"line":27,"column":4},"end":{"line":32,"column":5}},{"start":{"line":27,"column":4},"end":{"line":32,"column":5}}],"line":27}},"s":{"0":229,"1":229,"2":229,"3":347,"4":347,"5":347,"6":1299,"7":598,"8":1299,"9":1221,"10":1221,"11":78,"12":347,"13":4,"14":4,"15":4,"16":118,"17":4,"18":4,"19":229,"20":229,"21":4},"f":{"0":229,"1":347,"2":4},"b":{"0":[598,701],"1":[1299,1277],"2":[1221,78]},"_coverageSchema":"43e27e138ebf9cfc5966b082cf9a028302ed4184","hash":"18146356e5459f64b5525828c2d4adb89f18d60c"}
,"/Users/hukun/github/algorithms/src/sort/insertSort/insertSort.ts": {"path":"/Users/hukun/github/algorithms/src/sort/insertSort/insertSort.ts","statementMap":{"0":{"start":{"line":6,"column":26},"end":{"line":19,"column":1}},"1":{"start":{"line":8,"column":14},"end":{"line":8,"column":25}},"2":{"start":{"line":9,"column":2},"end":{"line":17,"column":3}},"3":{"start":{"line":9,"column":15},"end":{"line":9,"column":16}},"4":{"start":{"line":10,"column":4},"end":{"line":10,"column":19}},"5":{"start":{"line":11,"column":4},"end":{"line":11,"column":14}},"6":{"start":{"line":12,"column":4},"end":{"line":15,"column":5}},"7":{"start":{"line":13,"column":6},"end":{"line":13,"column":28}},"8":{"start":{"line":14,"column":6},"end":{"line":14,"column":10}},"9":{"start":{"line":16,"column":4},"end":{"line":16,"column":23}},"10":{"start":{"line":18,"column":2},"end":{"line":18,"column":14}}},"fnMap":{"0":{"name":"(anonymous_0)","decl":{"start":{"line":6,"column":26},"end":{"line":6,"column":27}},"loc":{"start":{"line":6,"column":56},"end":{"line":19,"column":1}},"line":6}},"branchMap":{"0":{"loc":{"start":{"line":12,"column":11},"end":{"line":12,"column":35}},"type":"binary-expr","locations":[{"start":{"line":12,"column":11},"end":{"line":12,"column":17}},{"start":{"line":12,"column":21},"end":{"line":12,"column":35}}],"line":12}},"s":{"0":1,"1":4,"2":4,"3":4,"4":229,"5":229,"6":229,"7":10842,"8":10842,"9":229,"10":4},"f":{"0":4},"b":{"0":[11071,11049]},"_coverageSchema":"43e27e138ebf9cfc5966b082cf9a028302ed4184","hash":"51ce75395416ca9972e1067d888e3d7c0746aba3"}
,"/Users/hukun/github/algorithms/src/sort/mergeSort/mergeSort.ts": {"path":"/Users/hukun/github/algorithms/src/sort/mergeSort/mergeSort.ts","statementMap":{"0":{"start":{"line":2,"column":19},"end":{"line":30,"column":1}},"1":{"start":{"line":9,"column":10},"end":{"line":9,"column":13}},"2":{"start":{"line":10,"column":8},"end":{"line":10,"column":15}},"3":{"start":{"line":11,"column":8},"end":{"line":11,"column":9}},"4":{"start":{"line":12,"column":12},"end":{"line":12,"column":15}},"5":{"start":{"line":13,"column":8},"end":{"line":13,"column":12}},"6":{"start":{"line":14,"column":2},"end":{"line":20,"column":3}},"7":{"start":{"line":15,"column":4},"end":{"line":19,"column":5}},"8":{"start":{"line":16,"column":6},"end":{"line":16,"column":29}},"9":{"start":{"line":18,"column":6},"end":{"line":18,"column":29}},"10":{"start":{"line":21,"column":2},"end":{"line":23,"column":3}},"11":{"start":{"line":22,"column":4},"end":{"line":22,"column":27}},"12":{"start":{"line":24,"column":2},"end":{"line":26,"column":3}},"13":{"start":{"line":25,"column":4},"end":{"line":25,"column":27}},"14":{"start":{"line":27,"column":2},"end":{"line":29,"column":3}},"15":{"start":{"line":27,"column":15},"end":{"line":27,"column":16}},"16":{"start":{"line":28,"column":4},"end":{"line":28,"column":29}},"17":{"start":{"line":33,"column":13},"end":{"line":45,"column":1}},"18":{"start":{"line":39,"column":2},"end":{"line":44,"column":3}},"19":{"start":{"line":40,"column":16},"end":{"line":40,"column":44}},"20":{"start":{"line":41,"column":4},"end":{"line":41,"column":31}},"21":{"start":{"line":42,"column":4},"end":{"line":42,"column":36}},"22":{"start":{"line":43,"column":4},"end":{"line":43,"column":43}},"23":{"start":{"line":51,"column":25},"end":{"line":57,"column":1}},"24":{"start":{"line":52,"column":2},"end":{"line":52,"column":61}},"25":{"start":{"line":52,"column":49},"end":{"line":52,"column":61}},"26":{"start":{"line":53,"column":24},"end":{"line":53,"column":26}},"27":{"start":{"line":54,"column":2},"end":{"line":54,"column":38}},"28":{"start":{"line":55,"column":2},"end":{"line":55,"column":13}},"29":{"start":{"line":56,"column":2},"end":{"line":56,"column":14}}},"fnMap":{"0":{"name":"(anonymous_0)","decl":{"start":{"line":2,"column":19},"end":{"line":2,"column":20}},"loc":{"start":{"line":8,"column":11},"end":{"line":30,"column":1}},"line":8},"1":{"name":"(anonymous_1)","decl":{"start":{"line":33,"column":13},"end":{"line":33,"column":14}},"loc":{"start":{"line":38,"column":11},"end":{"line":45,"column":1}},"line":38},"2":{"name":"(anonymous_2)","decl":{"start":{"line":51,"column":25},"end":{"line":51,"column":26}},"loc":{"start":{"line":51,"column":55},"end":{"line":57,"column":1}},"line":51}},"branchMap":{"0":{"loc":{"start":{"line":14,"column":9},"end":{"line":14,"column":25}},"type":"binary-expr","locations":[{"start":{"line":14,"column":9},"end":{"line":14,"column":15}},{"start":{"line":14,"column":19},"end":{"line":14,"column":25}}],"line":14},"1":{"loc":{"start":{"line":15,"column":4},"end":{"line":19,"column":5}},"type":"if","locations":[{"start":{"line":15,"column":4},"end":{"line":19,"column":5}},{"start":{"line":15,"column":4},"end":{"line":19,"column":5}}],"line":15},"2":{"loc":{"start":{"line":39,"column":2},"end":{"line":44,"column":3}},"type":"if","locations":[{"start":{"line":39,"column":2},"end":{"line":44,"column":3}},{"start":{"line":39,"column":2},"end":{"line":44,"column":3}}],"line":39},"3":{"loc":{"start":{"line":52,"column":2},"end":{"line":52,"column":61}},"type":"if","locations":[{"start":{"line":52,"column":2},"end":{"line":52,"column":61}},{"start":{"line":52,"column":2},"end":{"line":52,"column":61}}],"line":52},"4":{"loc":{"start":{"line":52,"column":8},"end":{"line":52,"column":46}},"type":"binary-expr","locations":[{"start":{"line":52,"column":8},"end":{"line":52,"column":27}},{"start":{"line":52,"column":31},"end":{"line":52,"column":46}}],"line":52}},"s":{"0":1,"1":225,"2":225,"3":225,"4":225,"5":225,"6":225,"7":1338,"8":694,"9":644,"10":225,"11":172,"12":225,"13":131,"14":225,"15":225,"16":1641,"17":1,"18":454,"19":225,"20":225,"21":225,"22":225,"23":1,"24":5,"25":1,"26":4,"27":4,"28":4,"29":4},"f":{"0":225,"1":454,"2":5},"b":{"0":[1563,1455],"1":[694,644],"2":[225,229],"3":[1,4],"4":[5,5]},"_coverageSchema":"43e27e138ebf9cfc5966b082cf9a028302ed4184","hash":"9220fdff39cf4b4fe4ec77c45d95b14fd29d2d18"}
,"/Users/hukun/github/algorithms/src/sort/quickSort/quickSort.ts": {"path":"/Users/hukun/github/algorithms/src/sort/quickSort/quickSort.ts","statementMap":{"0":{"start":{"line":4,"column":25},"end":{"line":65,"column":1}},"1":{"start":{"line":6,"column":14},"end":{"line":18,"column":3}},"2":{"start":{"line":7,"column":4},"end":{"line":17,"column":10}},"3":{"start":{"line":21,"column":15},"end":{"line":62,"column":3}},"4":{"start":{"line":27,"column":4},"end":{"line":29,"column":5}},"5":{"start":{"line":28,"column":6},"end":{"line":28,"column":18}},"6":{"start":{"line":31,"column":17},"end":{"line":31,"column":28}},"7":{"start":{"line":34,"column":21},"end":{"line":34,"column":69}},"8":{"start":{"line":35,"column":17},"end":{"line":35,"column":31}},"9":{"start":{"line":36,"column":4},"end":{"line":36,"column":31}},"10":{"start":{"line":37,"column":4},"end":{"line":37,"column":21}},"11":{"start":{"line":40,"column":4},"end":{"line":52,"column":5}},"12":{"start":{"line":42,"column":6},"end":{"line":44,"column":7}},"13":{"start":{"line":43,"column":8},"end":{"line":43,"column":12}},"14":{"start":{"line":45,"column":6},"end":{"line":45,"column":24}},"15":{"start":{"line":48,"column":6},"end":{"line":50,"column":7}},"16":{"start":{"line":49,"column":8},"end":{"line":49,"column":12}},"17":{"start":{"line":51,"column":6},"end":{"line":51,"column":24}},"18":{"start":{"line":55,"column":4},"end":{"line":55,"column":19}},"19":{"start":{"line":58,"column":4},"end":{"line":58,"column":27}},"20":{"start":{"line":61,"column":4},"end":{"line":61,"column":28}},"21":{"start":{"line":64,"column":2},"end":{"line":64,"column":33}},"22":{"start":{"line":76,"column":19},"end":{"line":108,"column":1}},"23":{"start":{"line":82,"column":24},"end":{"line":82,"column":57}},"24":{"start":{"line":83,"column":2},"end":{"line":90,"column":3}},"25":{"start":{"line":84,"column":4},"end":{"line":84,"column":10}},"26":{"start":{"line":85,"column":4},"end":{"line":85,"column":10}},"27":{"start":{"line":86,"column":4},"end":{"line":86,"column":10}},"28":{"start":{"line":87,"column":4},"end":{"line":87,"column":10}},"29":{"start":{"line":88,"column":4},"end":{"line":88,"column":10}},"30":{"start":{"line":89,"column":4},"end":{"line":89,"column":10}},"31":{"start":{"line":91,"column":2},"end":{"line":98,"column":3}},"32":{"start":{"line":92,"column":4},"end":{"line":92,"column":10}},"33":{"start":{"line":93,"column":4},"end":{"line":93,"column":10}},"34":{"start":{"line":94,"column":4},"end":{"line":94,"column":10}},"35":{"start":{"line":95,"column":4},"end":{"line":95,"column":10}},"36":{"start":{"line":96,"column":4},"end":{"line":96,"column":10}},"37":{"start":{"line":97,"column":4},"end":{"line":97,"column":10}},"38":{"start":{"line":99,"column":2},"end":{"line":106,"column":3}},"39":{"start":{"line":100,"column":4},"end":{"line":100,"column":10}},"40":{"start":{"line":101,"column":4},"end":{"line":101,"column":10}},"41":{"start":{"line":102,"column":4},"end":{"line":102,"column":10}},"42":{"start":{"line":103,"column":4},"end":{"line":103,"column":10}},"43":{"start":{"line":104,"column":4},"end":{"line":104,"column":10}},"44":{"start":{"line":105,"column":4},"end":{"line":105,"column":10}},"45":{"start":{"line":107,"column":2},"end":{"line":107,"column":11}}},"fnMap":{"0":{"name":"(anonymous_0)","decl":{"start":{"line":4,"column":25},"end":{"line":4,"column":26}},"loc":{"start":{"line":4,"column":51},"end":{"line":65,"column":1}},"line":4},"1":{"name":"(anonymous_1)","decl":{"start":{"line":6,"column":14},"end":{"line":6,"column":15}},"loc":{"start":{"line":6,"column":72},"end":{"line":18,"column":3}},"line":6},"2":{"name":"(anonymous_2)","decl":{"start":{"line":21,"column":15},"end":{"line":21,"column":16}},"loc":{"start":{"line":21,"column":79},"end":{"line":62,"column":3}},"line":21},"3":{"name":"(anonymous_3)","decl":{"start":{"line":76,"column":19},"end":{"line":76,"column":20}},"loc":{"start":{"line":81,"column":13},"end":{"line":108,"column":1}},"line":81}},"branchMap":{"0":{"loc":{"start":{"line":7,"column":11},"end":{"line":17,"column":9}},"type":"cond-expr","locations":[{"start":{"line":8,"column":8},"end":{"line":12,"column":11}},{"start":{"line":13,"column":8},"end":{"line":17,"column":9}}],"line":7},"1":{"loc":{"start":{"line":8,"column":8},"end":{"line":12,"column":11}},"type":"cond-expr","locations":[{"start":{"line":9,"column":10},"end":{"line":9,"column":11}},{"start":{"line":10,"column":10},"end":{"line":12,"column":11}}],"line":8},"2":{"loc":{"start":{"line":10,"column":10},"end":{"line":12,"column":11}},"type":"cond-expr","locations":[{"start":{"line":11,"column":10},"end":{"line":11,"column":11}},{"start":{"line":12,"column":10},"end":{"line":12,"column":11}}],"line":10},"3":{"loc":{"start":{"line":13,"column":8},"end":{"line":17,"column":9}},"type":"cond-expr","locations":[{"start":{"line":14,"column":8},"end":{"line":14,"column":9}},{"start":{"line":15,"column":8},"end":{"line":17,"column":9}}],"line":13},"4":{"loc":{"start":{"line":15,"column":8},"end":{"line":17,"column":9}},"type":"cond-expr","locations":[{"start":{"line":16,"column":8},"end":{"line":16,"column":9}},{"start":{"line":17,"column":8},"end":{"line":17,"column":9}}],"line":15},"5":{"loc":{"start":{"line":27,"column":4},"end":{"line":29,"column":5}},"type":"if","locations":[{"start":{"line":27,"column":4},"end":{"line":29,"column":5}},{"start":{"line":27,"column":4},"end":{"line":29,"column":5}}],"line":27},"6":{"loc":{"start":{"line":42,"column":13},"end":{"line":42,"column":37}},"type":"binary-expr","locations":[{"start":{"line":42,"column":13},"end":{"line":42,"column":18}},{"start":{"line":42,"column":22},"end":{"line":42,"column":37}}],"line":42},"7":{"loc":{"start":{"line":48,"column":13},"end":{"line":48,"column":37}},"type":"binary-expr","locations":[{"start":{"line":48,"column":13},"end":{"line":48,"column":18}},{"start":{"line":48,"column":22},"end":{"line":48,"column":37}}],"line":48},"8":{"loc":{"start":{"line":83,"column":2},"end":{"line":90,"column":3}},"type":"if","locations":[{"start":{"line":83,"column":2},"end":{"line":90,"column":3}},{"start":{"line":83,"column":2},"end":{"line":90,"column":3}}],"line":83},"9":{"loc":{"start":{"line":91,"column":2},"end":{"line":98,"column":3}},"type":"if","locations":[{"start":{"line":91,"column":2},"end":{"line":98,"column":3}},{"start":{"line":91,"column":2},"end":{"line":98,"column":3}}],"line":91},"10":{"loc":{"start":{"line":99,"column":2},"end":{"line":106,"column":3}},"type":"if","locations":[{"start":{"line":99,"column":2},"end":{"line":106,"column":3}},{"start":{"line":99,"column":2},"end":{"line":106,"column":3}}],"line":99}},"s":{"0":1,"1":4,"2":149,"3":4,"4":302,"5":153,"6":149,"7":149,"8":149,"9":149,"10":149,"11":149,"12":384,"13":1307,"14":384,"15":384,"16":394,"17":384,"18":149,"19":149,"20":149,"21":4,"22":1,"23":4,"24":4,"25":1,"26":1,"27":1,"28":1,"29":1,"30":1,"31":4,"32":2,"33":2,"34":2,"35":2,"36":2,"37":2,"38":4,"39":2,"40":2,"41":2,"42":2,"43":2,"44":2,"45":4},"f":{"0":4,"1":149,"2":302,"3":4},"b":{"0":[143,6],"1":[63,80],"2":[78,2],"3":[3,3],"4":[1,2],"5":[153,149],"6":[1691,1568],"7":[778,629],"8":[1,3],"9":[2,2],"10":[2,2]},"_coverageSchema":"43e27e138ebf9cfc5966b082cf9a028302ed4184","hash":"3761d553c64893b3c59d0f6948e7123a18535ae2"}
,"/Users/hukun/github/algorithms/src/sort/selectSort/selectSort.ts": {"path":"/Users/hukun/github/algorithms/src/sort/selectSort/selectSort.ts","statementMap":{"0":{"start":{"line":7,"column":26},"end":{"line":22,"column":1}},"1":{"start":{"line":8,"column":14},"end":{"line":8,"column":25}},"2":{"start":{"line":10,"column":2},"end":{"line":20,"column":3}},"3":{"start":{"line":10,"column":15},"end":{"line":10,"column":16}},"4":{"start":{"line":11,"column":4},"end":{"line":11,"column":17}},"5":{"start":{"line":12,"column":4},"end":{"line":16,"column":5}},"6":{"start":{"line":12,"column":17},"end":{"line":12,"column":22}},"7":{"start":{"line":13,"column":6},"end":{"line":15,"column":7}},"8":{"start":{"line":14,"column":8},"end":{"line":14,"column":21}},"9":{"start":{"line":17,"column":4},"end":{"line":17,"column":19}},"10":{"start":{"line":18,"column":4},"end":{"line":18,"column":29}},"11":{"start":{"line":19,"column":4},"end":{"line":19,"column":26}},"12":{"start":{"line":21,"column":2},"end":{"line":21,"column":14}}},"fnMap":{"0":{"name":"(anonymous_0)","decl":{"start":{"line":7,"column":26},"end":{"line":7,"column":27}},"loc":{"start":{"line":7,"column":56},"end":{"line":22,"column":1}},"line":7}},"branchMap":{"0":{"loc":{"start":{"line":13,"column":6},"end":{"line":15,"column":7}},"type":"if","locations":[{"start":{"line":13,"column":6},"end":{"line":15,"column":7}},{"start":{"line":13,"column":6},"end":{"line":15,"column":7}}],"line":13}},"s":{"0":1,"1":4,"2":4,"3":4,"4":229,"5":229,"6":229,"7":20026,"8":896,"9":229,"10":229,"11":229,"12":4},"f":{"0":4},"b":{"0":[896,19130]},"_coverageSchema":"43e27e138ebf9cfc5966b082cf9a028302ed4184","hash":"026fbd8cbb06baf83ac4153b1f6602e79e753458"}
,"/Users/hukun/github/algorithms/src/sort/shellSort/shellSort.ts": {"path":"/Users/hukun/github/algorithms/src/sort/shellSort/shellSort.ts","statementMap":{"0":{"start":{"line":9,"column":15},"end":{"line":9,"column":22}},"1":{"start":{"line":10,"column":10},"end":{"line":10,"column":17}},"2":{"start":{"line":11,"column":2},"end":{"line":14,"column":3}},"3":{"start":{"line":12,"column":4},"end":{"line":12,"column":28}},"4":{"start":{"line":13,"column":4},"end":{"line":13,"column":13}},"5":{"start":{"line":15,"column":2},"end":{"line":15,"column":23}},"6":{"start":{"line":22,"column":25},"end":{"line":35,"column":1}},"7":{"start":{"line":23,"column":14},"end":{"line":23,"column":25}},"8":{"start":{"line":24,"column":12},"end":{"line":24,"column":13}},"9":{"start":{"line":25,"column":2},"end":{"line":27,"column":3}},"10":{"start":{"line":26,"column":4},"end":{"line":26,"column":22}},"11":{"start":{"line":28,"column":2},"end":{"line":33,"column":3}},"12":{"start":{"line":29,"column":4},"end":{"line":31,"column":5}},"13":{"start":{"line":29,"column":17},"end":{"line":29,"column":20}},"14":{"start":{"line":30,"column":6},"end":{"line":30,"column":27}},"15":{"start":{"line":32,"column":4},"end":{"line":32,"column":30}},"16":{"start":{"line":34,"column":2},"end":{"line":34,"column":14}}},"fnMap":{"0":{"name":"insert","decl":{"start":{"line":8,"column":9},"end":{"line":8,"column":15}},"loc":{"start":{"line":8,"column":62},"end":{"line":16,"column":1}},"line":8},"1":{"name":"(anonymous_1)","decl":{"start":{"line":22,"column":25},"end":{"line":22,"column":26}},"loc":{"start":{"line":22,"column":55},"end":{"line":35,"column":1}},"line":22}},"branchMap":{"0":{"loc":{"start":{"line":11,"column":9},"end":{"line":11,"column":33}},"type":"binary-expr","locations":[{"start":{"line":11,"column":9},"end":{"line":11,"column":15}},{"start":{"line":11,"column":19},"end":{"line":11,"column":33}}],"line":11}},"s":{"0":864,"1":864,"2":864,"3":1201,"4":1201,"5":864,"6":1,"7":4,"8":4,"9":4,"10":11,"11":4,"12":15,"13":15,"14":864,"15":15,"16":4},"f":{"0":864,"1":4},"b":{"0":[2065,1975]},"_coverageSchema":"43e27e138ebf9cfc5966b082cf9a028302ed4184","hash":"04e805c7b29f148fa00528a063cd5c73e1e9818f"}
}
