TN:
SF:/Users/hukun/github/algorithms/src/data-structures/b+tree/bPlusTree-genericity.ts
FN:48,(anonymous_0)
FN:56,(anonymous_1)
FN:66,(anonymous_2)
FN:83,(anonymous_3)
FN:98,(anonymous_4)
FN:121,(anonymous_5)
FN:135,(anonymous_6)
FN:167,(anonymous_7)
FN:178,(anonymous_8)
FN:199,(anonymous_9)
FN:250,(anonymous_10)
FN:274,(anonymous_11)
FN:293,(anonymous_12)
FN:316,(anonymous_13)
FN:402,(anonymous_14)
FN:432,(anonymous_15)
FN:447,(anonymous_16)
FN:463,(anonymous_17)
FN:482,(anonymous_18)
FN:489,(anonymous_19)
FN:507,(anonymous_20)
FN:528,(anonymous_21)
FN:541,(anonymous_22)
FN:554,(anonymous_23)
FN:571,(anonymous_24)
FN:587,(anonymous_25)
FN:603,(anonymous_26)
FN:620,(anonymous_27)
FN:635,(anonymous_28)
FN:648,(anonymous_29)
FN:653,(anonymous_30)
FN:656,(anonymous_31)
FN:656,(anonymous_32)
FN:657,(anonymous_33)
FN:668,(anonymous_34)
FN:686,(anonymous_35)
FN:689,(anonymous_36)
FN:690,(anonymous_37)
FN:690,(anonymous_38)
FN:691,(anonymous_39)
FN:699,(anonymous_40)
FN:702,(anonymous_41)
FN:702,(anonymous_42)
FN:705,(anonymous_43)
FN:760,(anonymous_44)
FN:772,(anonymous_45)
FN:781,(anonymous_46)
FNF:47
FNH:46
FNDA:15,(anonymous_0)
FNDA:10,(anonymous_1)
FNDA:3,(anonymous_2)
FNDA:3,(anonymous_3)
FNDA:1,(anonymous_4)
FNDA:4,(anonymous_5)
FNDA:20103,(anonymous_6)
FNDA:5,(anonymous_7)
FNDA:28,(anonymous_8)
FNDA:28,(anonymous_9)
FNDA:1,(anonymous_10)
FNDA:1,(anonymous_11)
FNDA:0,(anonymous_12)
FNDA:20773,(anonymous_13)
FNDA:7884,(anonymous_14)
FNDA:20119,(anonymous_15)
FNDA:2,(anonymous_16)
FNDA:2,(anonymous_17)
FNDA:27900,(anonymous_18)
FNDA:2,(anonymous_19)
FNDA:2,(anonymous_20)
FNDA:20101,(anonymous_21)
FNDA:7946,(anonymous_22)
FNDA:91371,(anonymous_23)
FNDA:20078,(anonymous_24)
FNDA:53641,(anonymous_25)
FNDA:12994,(anonymous_26)
FNDA:7969,(anonymous_27)
FNDA:22,(anonymous_28)
FNDA:2,(anonymous_29)
FNDA:2,(anonymous_30)
FNDA:3,(anonymous_31)
FNDA:8,(anonymous_32)
FNDA:3,(anonymous_33)
FNDA:1,(anonymous_34)
FNDA:1,(anonymous_35)
FNDA:2,(anonymous_36)
FNDA:2,(anonymous_37)
FNDA:6,(anonymous_38)
FNDA:2,(anonymous_39)
FNDA:8,(anonymous_40)
FNDA:19,(anonymous_41)
FNDA:55,(anonymous_42)
FNDA:2,(anonymous_43)
FNDA:3,(anonymous_44)
FNDA:44,(anonymous_45)
FNDA:23845,(anonymous_46)
DA:36,15
DA:40,15
DA:49,15
DA:50,15
DA:57,10
DA:58,10
DA:67,3
DA:68,1
DA:70,2
DA:71,2
DA:72,2
DA:73,1
DA:75,1
DA:76,1
DA:84,3
DA:85,3
DA:86,3
DA:87,3
DA:88,0
DA:90,3
DA:99,1
DA:100,1
DA:101,1
DA:102,1
DA:103,2
DA:104,4
DA:105,4
DA:107,4
DA:108,1
DA:111,1
DA:113,0
DA:122,4
DA:123,4
DA:124,2
DA:126,2
DA:136,20103
DA:137,23
DA:138,23
DA:139,23
DA:140,23
DA:141,23
DA:143,20080
DA:144,20080
DA:145,2
DA:147,20078
DA:148,20078
DA:149,20078
DA:150,20078
DA:151,20078
DA:152,5245
DA:153,5245
DA:154,35
DA:156,5245
DA:157,5245
DA:159,14833
DA:160,14833
DA:168,5
DA:169,5
DA:170,5
DA:171,5
DA:179,28
DA:180,28
DA:181,28
DA:182,28
DA:183,0
DA:185,28
DA:200,28
DA:201,28
DA:202,28
DA:204,28
DA:205,10
DA:209,28
DA:210,26
DA:213,2
DA:214,2
DA:215,1
DA:216,1
DA:218,1
DA:219,1
DA:220,1
DA:222,0
DA:223,0
DA:225,0
DA:226,0
DA:227,0
DA:228,0
DA:230,0
DA:231,0
DA:233,0
DA:234,0
DA:235,0
DA:236,0
DA:238,0
DA:239,0
DA:251,1
DA:252,1
DA:253,1
DA:254,1
DA:260,1
DA:261,0
DA:262,0
DA:265,1
DA:275,1
DA:276,1
DA:277,1
DA:278,1
DA:279,0
DA:280,0
DA:283,1
DA:284,1
DA:285,1
DA:294,0
DA:295,0
DA:296,0
DA:297,0
DA:300,0
DA:301,0
DA:303,0
DA:304,0
DA:305,0
DA:306,0
DA:307,0
DA:318,20773
DA:319,7703
DA:320,7703
DA:321,7703
DA:322,7703
DA:323,7703
DA:324,2303
DA:326,7703
DA:327,7703
DA:328,7703
DA:330,7703
DA:331,30
DA:333,7703
DA:336,13070
DA:337,5186
DA:338,5186
DA:339,5186
DA:340,5186
DA:341,5186
DA:342,1433
DA:344,5186
DA:346,5186
DA:347,5186
DA:350,7884
DA:352,7884
DA:353,62
DA:354,62
DA:355,62
DA:356,62
DA:357,62
DA:361,62
DA:365,62
DA:366,62
DA:367,62
DA:369,7822
DA:370,7822
DA:371,7822
DA:372,7822
DA:373,7822
DA:374,7822
DA:375,7822
DA:382,7822
DA:384,7822
DA:385,7822
DA:387,7822
DA:388,28
DA:389,28
DA:390,28
DA:393,7822
DA:394,5940
DA:403,7884
DA:404,7884
DA:405,7884
DA:406,7884
DA:407,7884
DA:408,7884
DA:409,7559
DA:410,7559
DA:411,7559
DA:413,325
DA:415,7884
DA:416,7884
DA:418,7884
DA:419,7884
DA:420,7884
DA:421,2204
DA:422,6612
DA:425,7884
DA:433,20119
DA:434,20119
DA:435,111488
DA:436,20119
DA:438,91369
DA:439,91369
DA:440,91369
DA:448,2
DA:449,2
DA:450,4
DA:451,2
DA:453,2
DA:454,2
DA:457,0
DA:464,2
DA:465,2
DA:466,4
DA:467,2
DA:469,2
DA:470,2
DA:473,0
DA:483,27900
DA:490,2
DA:491,2
DA:492,2
DA:493,4
DA:494,12
DA:495,12
DA:496,1
DA:499,3
DA:508,2
DA:509,2
DA:510,2
DA:511,3
DA:512,3
DA:513,10
DA:514,10
DA:515,10
DA:516,1
DA:518,9
DA:520,2
DA:529,20101
DA:542,7946
DA:555,91371
DA:556,91371
DA:557,202675
DA:558,91154
DA:563,217
DA:572,20078
DA:573,20078
DA:574,46638
DA:575,19922
DA:579,156
DA:588,53641
DA:589,158987
DA:590,158987
DA:591,33561
DA:594,20080
DA:604,12994
DA:605,12994
DA:606,17851
DA:607,17851
DA:608,17851
DA:609,17851
DA:610,12901
DA:612,4950
DA:614,12994
DA:621,7969
DA:636,22
DA:637,22
DA:638,20092
DA:641,0
DA:649,2
DA:650,1
DA:652,1
DA:653,2
DA:654,1
DA:655,1
DA:656,8
DA:657,3
DA:658,2
DA:659,2
DA:661,1
DA:669,1
DA:670,1
DA:671,1
DA:672,3
DA:673,1
DA:675,2
DA:676,2
DA:677,2
DA:678,2
DA:680,0
DA:687,1
DA:688,1
DA:689,2
DA:690,6
DA:691,2
DA:692,1
DA:693,1
DA:700,8
DA:701,8
DA:702,55
DA:706,2
DA:707,1
DA:709,1
DA:718,1
DA:719,1
DA:720,2
DA:726,1
DA:727,1
DA:729,1
DA:730,2
DA:731,2
DA:732,3
DA:733,3
DA:734,8
DA:739,8
DA:740,2
DA:742,8
DA:744,3
DA:749,2
DA:752,1
DA:761,3
DA:762,3
DA:763,3
DA:764,5
DA:766,3
DA:773,44
DA:774,44
DA:775,44
DA:776,206
DA:777,206
DA:778,206
DA:779,23889
DA:780,23889
DA:781,23845
DA:784,206
DA:785,206
DA:786,206
DA:788,44
LF:331
LH:295
BRDA:67,0,0,1
BRDA:67,0,1,2
BRDA:72,1,0,1
BRDA:72,1,1,1
BRDA:84,2,0,0
BRDA:84,2,1,3
BRDA:87,3,0,0
BRDA:87,3,1,3
BRDA:99,4,0,0
BRDA:99,4,1,1
BRDA:104,5,0,4
BRDA:104,5,1,0
BRDA:104,6,0,4
BRDA:104,6,1,4
BRDA:107,7,0,1
BRDA:107,7,1,3
BRDA:121,8,0,2
BRDA:122,9,0,0
BRDA:122,9,1,4
BRDA:123,10,0,2
BRDA:123,10,1,2
BRDA:136,11,0,23
BRDA:136,11,1,20080
BRDA:144,12,0,2
BRDA:144,12,1,20078
BRDA:151,13,0,5245
BRDA:151,13,1,14833
BRDA:153,14,0,35
BRDA:153,14,1,5210
BRDA:153,15,0,5245
BRDA:153,15,1,83
BRDA:168,16,0,0
BRDA:168,16,1,5
BRDA:179,17,0,0
BRDA:179,17,1,28
BRDA:182,18,0,0
BRDA:182,18,1,28
BRDA:204,19,0,10
BRDA:204,19,1,18
BRDA:209,20,0,26
BRDA:209,20,1,2
BRDA:213,21,0,2
BRDA:213,21,1,0
BRDA:213,22,0,2
BRDA:213,22,1,2
BRDA:214,23,0,1
BRDA:214,23,1,1
BRDA:218,24,0,1
BRDA:218,24,1,0
BRDA:225,25,0,0
BRDA:225,25,1,0
BRDA:226,26,0,0
BRDA:226,26,1,0
BRDA:233,27,0,0
BRDA:233,27,1,0
BRDA:234,28,0,0
BRDA:234,28,1,0
BRDA:260,29,0,0
BRDA:260,29,1,1
BRDA:278,30,0,0
BRDA:278,30,1,1
BRDA:295,31,0,0
BRDA:295,31,1,0
BRDA:304,32,0,0
BRDA:304,32,1,0
BRDA:304,33,0,0
BRDA:304,33,1,0
BRDA:318,34,0,7703
BRDA:318,34,1,13070
BRDA:318,35,0,20773
BRDA:318,35,1,20387
BRDA:323,36,0,2303
BRDA:323,36,1,5400
BRDA:330,37,0,30
BRDA:330,37,1,7673
BRDA:336,38,0,5186
BRDA:336,38,1,7884
BRDA:336,39,0,13070
BRDA:336,39,1,12745
BRDA:341,40,0,1433
BRDA:341,40,1,3753
BRDA:352,41,0,62
BRDA:352,41,1,7822
BRDA:387,42,0,28
BRDA:387,42,1,7794
BRDA:393,43,0,5940
BRDA:393,43,1,1882
BRDA:408,44,0,7559
BRDA:408,44,1,325
BRDA:420,45,0,2204
BRDA:420,45,1,5680
BRDA:435,46,0,20119
BRDA:435,46,1,91369
BRDA:450,47,0,2
BRDA:450,47,1,2
BRDA:466,48,0,2
BRDA:466,48,1,2
BRDA:495,49,0,1
BRDA:495,49,1,11
BRDA:515,50,0,1
BRDA:515,50,1,9
BRDA:557,51,0,91154
BRDA:557,51,1,111521
BRDA:574,52,0,19922
BRDA:574,52,1,26716
BRDA:590,53,0,33561
BRDA:590,53,1,125426
BRDA:609,54,0,12901
BRDA:609,54,1,4950
BRDA:649,55,0,1
BRDA:649,55,1,1
BRDA:672,56,0,1
BRDA:672,56,1,2
BRDA:706,57,0,1
BRDA:706,57,1,1
BRDA:739,58,0,2
BRDA:739,58,1,6
BRDA:780,59,0,6793
BRDA:780,59,1,17096
BRF:119
BRH:93
end_of_record
TN:
SF:/Users/hukun/github/algorithms/src/math/add.ts
FN:6,decimalBigNumberAdd
FN:8,(anonymous_1)
FN:11,(anonymous_2)
FN:20,(anonymous_3)
FN:21,(anonymous_4)
FN:30,(anonymous_5)
FN:32,(anonymous_6)
FNF:7
FNH:7
FNDA:5,decimalBigNumberAdd
FNDA:10,(anonymous_1)
FNDA:10,(anonymous_2)
FNDA:70,(anonymous_3)
FNDA:140,(anonymous_4)
FNDA:140,(anonymous_5)
FNDA:75,(anonymous_6)
DA:7,5
DA:8,10
DA:11,5
DA:12,10
DA:13,10
DA:14,10
DA:19,5
DA:20,5
DA:21,70
DA:22,140
DA:23,140
DA:25,5
DA:26,5
DA:27,5
DA:28,70
DA:30,140
DA:31,70
DA:32,75
DA:33,5
DA:35,65
DA:36,65
DA:38,5
LF:22
LH:22
BRDA:8,0,0,7
BRDA:8,0,1,3
BRDA:23,1,0,130
BRDA:23,1,1,10
BRDA:30,2,0,130
BRDA:30,2,1,10
BRDA:32,3,0,5
BRDA:32,3,1,65
BRDA:32,4,0,70
BRDA:32,4,1,5
BRF:10
BRH:10
end_of_record
TN:
SF:/Users/hukun/github/algorithms/src/shuffle/FisherYates/fisherYates.ts
FN:7,swap
FN:18,(anonymous_1)
FNF:2
FNH:2
FNDA:31400,swap
FNDA:22,(anonymous_1)
DA:8,31400
DA:9,31400
DA:10,31400
DA:18,8
DA:19,22
DA:20,22
DA:21,31400
DA:22,31400
DA:24,22
LF:9
LH:9
BRF:0
BRH:0
end_of_record
TN:
SF:/Users/hukun/github/algorithms/src/snowflake/snowflake.ts
FN:31,(anonymous_0)
FN:41,(anonymous_1)
FN:65,(anonymous_2)
FN:73,(anonymous_3)
FN:81,(anonymous_4)
FN:89,(anonymous_5)
FNF:6
FNH:6
FNDA:4,(anonymous_0)
FNDA:3,(anonymous_1)
FNDA:1,(anonymous_2)
FNDA:1,(anonymous_3)
FNDA:1,(anonymous_4)
FNDA:1,(anonymous_5)
DA:7,1
DA:9,1
DA:11,1
DA:13,1
DA:15,1
DA:17,1
DA:19,1
DA:21,1
DA:32,4
DA:33,4
DA:34,1
DA:36,3
DA:37,3
DA:38,3
DA:42,3
DA:43,3
DA:44,3
DA:45,3
DA:46,0
DA:47,0
DA:51,0
DA:54,3
DA:55,0
DA:57,3
DA:58,3
DA:63,1
DA:66,1
DA:74,1
DA:82,1
DA:90,1
LF:30
LH:26
BRDA:31,0,0,0
BRDA:32,1,0,4
BRDA:32,1,1,0
BRDA:33,2,0,1
BRDA:33,2,1,3
BRDA:43,3,0,3
BRDA:43,3,1,0
BRDA:45,4,0,0
BRDA:45,4,1,3
BRDA:54,5,0,0
BRDA:54,5,1,3
BRF:11
BRH:6
end_of_record
TN:
SF:/Users/hukun/github/algorithms/src/sort/check.ts
FN:7,isOrderly
FNF:1
FNH:1
FNDA:224,isOrderly
DA:8,224
DA:9,224
DA:10,2
DA:12,222
DA:13,222
DA:14,222
DA:15,85186
DA:16,85176
DA:17,1
DA:20,10
DA:21,1
DA:24,85184
DA:26,220
LF:13
LH:13
BRDA:9,0,0,2
BRDA:9,0,1,222
BRDA:15,1,0,85176
BRDA:15,1,1,10
BRDA:16,2,0,1
BRDA:16,2,1,85175
BRDA:20,3,0,1
BRDA:20,3,1,9
BRF:8
BRH:8
end_of_record
TN:
SF:/Users/hukun/github/algorithms/src/sort/sort_data.ts
FN:8,(anonymous_0)
FNF:1
FNH:1
FNDA:22,(anonymous_0)
DA:8,8
DA:9,22
DA:10,22
DA:11,31400
DA:13,22
DA:14,22
LF:6
LH:6
BRF:0
BRH:0
end_of_record
TN:
SF:/Users/hukun/github/algorithms/src/sort/bubbingSort/bubblingSort.ts
FN:6,(anonymous_0)
FNF:1
FNH:1
FNDA:4,(anonymous_0)
DA:6,1
DA:7,4
DA:8,4
DA:9,229
DA:10,20026
DA:11,10451
DA:12,10451
DA:13,10451
DA:17,4
LF:9
LH:9
BRDA:10,0,0,10451
BRDA:10,0,1,9575
BRF:2
BRH:2
end_of_record
TN:
SF:/Users/hukun/github/algorithms/src/sort/heapSort/heapSort.ts
FN:9,swap
FN:21,heapIfy
FN:41,heapSort
FNF:3
FNH:3
FNDA:229,swap
FNDA:347,heapIfy
FNDA:4,heapSort
DA:10,229
DA:11,229
DA:12,229
DA:22,347
DA:23,347
DA:24,1299
DA:25,598
DA:27,1299
DA:28,1221
DA:29,1221
DA:31,78
DA:34,347
DA:42,4
DA:45,4
DA:46,118
DA:50,4
DA:52,229
DA:53,229
DA:55,4
LF:19
LH:19
BRDA:24,0,0,598
BRDA:24,0,1,701
BRDA:24,1,0,1299
BRDA:24,1,1,1277
BRDA:27,2,0,1221
BRDA:27,2,1,78
BRF:6
BRH:6
end_of_record
TN:
SF:/Users/hukun/github/algorithms/src/sort/insertSort/insertSort.ts
FN:6,(anonymous_0)
FNF:1
FNH:1
FNDA:4,(anonymous_0)
DA:6,1
DA:8,4
DA:9,4
DA:10,229
DA:11,229
DA:12,229
DA:13,10842
DA:14,10842
DA:16,229
DA:18,4
LF:10
LH:10
BRDA:12,0,0,11071
BRDA:12,0,1,11049
BRF:2
BRH:2
end_of_record
TN:
SF:/Users/hukun/github/algorithms/src/sort/mergeSort/mergeSort.ts
FN:2,(anonymous_0)
FN:33,(anonymous_1)
FN:51,(anonymous_2)
FNF:3
FNH:3
FNDA:225,(anonymous_0)
FNDA:454,(anonymous_1)
FNDA:5,(anonymous_2)
DA:2,1
DA:9,225
DA:10,225
DA:11,225
DA:12,225
DA:13,225
DA:14,225
DA:15,1338
DA:16,694
DA:18,644
DA:21,225
DA:22,172
DA:24,225
DA:25,131
DA:27,225
DA:28,1641
DA:33,1
DA:39,454
DA:40,225
DA:41,225
DA:42,225
DA:43,225
DA:51,1
DA:52,5
DA:53,4
DA:54,4
DA:55,4
DA:56,4
LF:28
LH:28
BRDA:14,0,0,1563
BRDA:14,0,1,1455
BRDA:15,1,0,694
BRDA:15,1,1,644
BRDA:39,2,0,225
BRDA:39,2,1,229
BRDA:52,3,0,1
BRDA:52,3,1,4
BRDA:52,4,0,5
BRDA:52,4,1,5
BRF:10
BRH:10
end_of_record
TN:
SF:/Users/hukun/github/algorithms/src/sort/quickSort/quickSort.ts
FN:4,(anonymous_0)
FN:6,(anonymous_1)
FN:21,(anonymous_2)
FN:76,(anonymous_3)
FNF:4
FNH:4
FNDA:4,(anonymous_0)
FNDA:149,(anonymous_1)
FNDA:302,(anonymous_2)
FNDA:4,(anonymous_3)
DA:4,1
DA:6,4
DA:7,149
DA:21,4
DA:27,302
DA:28,153
DA:31,149
DA:34,149
DA:35,149
DA:36,149
DA:37,149
DA:40,149
DA:42,384
DA:43,1307
DA:45,384
DA:48,384
DA:49,394
DA:51,384
DA:55,149
DA:58,149
DA:61,149
DA:64,4
DA:76,1
DA:82,4
DA:83,4
DA:84,1
DA:85,1
DA:86,1
DA:87,1
DA:88,1
DA:89,1
DA:91,4
DA:92,2
DA:93,2
DA:94,2
DA:95,2
DA:96,2
DA:97,2
DA:99,4
DA:100,2
DA:101,2
DA:102,2
DA:103,2
DA:104,2
DA:105,2
DA:107,4
LF:46
LH:46
BRDA:7,0,0,143
BRDA:7,0,1,6
BRDA:8,1,0,63
BRDA:8,1,1,80
BRDA:10,2,0,78
BRDA:10,2,1,2
BRDA:13,3,0,3
BRDA:13,3,1,3
BRDA:15,4,0,1
BRDA:15,4,1,2
BRDA:27,5,0,153
BRDA:27,5,1,149
BRDA:42,6,0,1691
BRDA:42,6,1,1568
BRDA:48,7,0,778
BRDA:48,7,1,629
BRDA:83,8,0,1
BRDA:83,8,1,3
BRDA:91,9,0,2
BRDA:91,9,1,2
BRDA:99,10,0,2
BRDA:99,10,1,2
BRF:22
BRH:22
end_of_record
TN:
SF:/Users/hukun/github/algorithms/src/sort/selectSort/selectSort.ts
FN:7,(anonymous_0)
FNF:1
FNH:1
FNDA:4,(anonymous_0)
DA:7,1
DA:8,4
DA:10,4
DA:11,229
DA:12,229
DA:13,20026
DA:14,896
DA:17,229
DA:18,229
DA:19,229
DA:21,4
LF:11
LH:11
BRDA:13,0,0,896
BRDA:13,0,1,19130
BRF:2
BRH:2
end_of_record
TN:
SF:/Users/hukun/github/algorithms/src/sort/shellSort/shellSort.ts
FN:8,insert
FN:22,(anonymous_1)
FNF:2
FNH:2
FNDA:864,insert
FNDA:4,(anonymous_1)
DA:9,864
DA:10,864
DA:11,864
DA:12,1201
DA:13,1201
DA:15,864
DA:22,1
DA:23,4
DA:24,4
DA:25,4
DA:26,11
DA:28,4
DA:29,15
DA:30,864
DA:32,15
DA:34,4
LF:16
LH:16
BRDA:11,0,0,2065
BRDA:11,0,1,1975
BRF:2
BRH:2
end_of_record
